<?xml version="1.0" encoding="UTF-8"?>
<testsuites name="Customer Access Our Terms Page" time="204.376" tests="6" failures="0" errors="0">
   <testsuite name="Customer Access Our Terms Page" tests="6" failures="0" errors="0" time="204.376" timestamp="2020-05-26 11:10:29" hostname="Faldi - Alienware-X51" id="Test Suites/Web RoomMe.id/Customer Access Our Terms Page">
      <properties>
         <property name="deviceName" value=""/>
         <property name="devicePlatform" value=""/>
         <property name="logFolder" value="C:\\Users\\Faldi\\Katalon Studio\\katalonroomme\\Reports\\20200526_111021\\Web RoomMe.id\\Customer Access Our Terms Page\\20200526_111021"/>
         <property name="logFiles" value="C:\\Users\\Faldi\\Katalon Studio\\katalonroomme\\Reports\\20200526_111021\\Web RoomMe.id\\Customer Access Our Terms Page\\20200526_111021\\execution0.log"/>
         <property name="attachments" value=""/>
         <property name="hostName" value="Faldi - Alienware-X51"/>
         <property name="os" value="Windows 10 64bit"/>
         <property name="katalonVersion" value="7.2.9.1"/>
         <property name="browser" value="Chrome 83.0.4103.61"/>
         <property name="hostAddress" value="192.168.1.5"/>
         <property name="sessionId" value="0d4dec8b6234ca1b3d43489155cac5ca"/>
         <property name="seleniumVersion" value="3.141.59"/>
         <property name="proxyInformation" value="ProxyInformation{proxyOption=NO_PROXY, proxyServerType=HTTP, password=, proxyServerAddress=, proxyServerPort=0, executionList=}"/>
         <property name="platform" value="Windows 10"/>
      </properties>
      <testcase name="Test Cases/Web RoomMe.id/4. Our Terms/Customer Access FAQ (Booking) Page" time="28.985" classname="Test Cases/Web RoomMe.id/4. Our Terms/Customer Access FAQ (Booking) Page" status="PASSED">
         <system-out><![CDATA[2020-05-26 11:10:29 - [TEST_CASE][PASSED] - Test Cases/Web RoomMe.id/4. Our Terms/Customer Access FAQ (Booking) Page: Test Cases/Web RoomMe.id/4. Our Terms/Customer Access FAQ (Booking) Page

2020-05-26 11:10:29 - [TEST_STEP][PASSED] - callTestCase(findTestCase("Web RoomMe.id/1. Homepage/1. Customer Access RoomMe Page"), [:], STOP_ON_FAILURE): Call Test Case 'Test Cases/Web RoomMe.id/1. Homepage/1. Customer Access RoomMe Page' successfully

2020-05-26 11:10:29 - [TEST_CASE][PASSED] - Test Cases/Web RoomMe.id/1. Homepage/1. Customer Access RoomMe Page: Test Cases/Web RoomMe.id/1. Homepage/1. Customer Access RoomMe Page

2020-05-26 11:10:30 - [TEST_STEP][PASSED] - openBrowser(url): Browser is opened with url: 'web.roomme.id'

2020-05-26 11:10:30 - [MESSAGE][INFO] - Starting 'Chrome' driver

2020-05-26 11:10:30 - [MESSAGE][INFO] - Action delay is set to 0 seconds

2020-05-26 11:10:39 - [MESSAGE][PASSED] - Browser is opened with url: 'web.roomme.id'

2020-05-26 11:10:39 - [TEST_STEP][PASSED] - maximizeWindow(): Current window maximized

2020-05-26 11:10:42 - [MESSAGE][PASSED] - Current window maximized

2020-05-26 11:10:42 - [TEST_STEP][PASSED] - waitForPageLoad(0): Wait for page load successfully

2020-05-26 11:10:42 - [MESSAGE][WARNING] - Timeout '0' is invalid. Using default page load timeout: '60'

2020-05-26 11:10:42 - [MESSAGE][PASSED] - Wait for page load successfully

2020-05-26 11:10:42 - [MESSAGE][PASSED] - Call Test Case 'Test Cases/Web RoomMe.id/1. Homepage/1. Customer Access RoomMe Page' successfully

2020-05-26 11:10:42 - [TEST_STEP][PASSED] - click(findTestObject("Web RoomMe.id/RoomMe.id Footer/Button FAQ")): Object: 'Object Repository/Web RoomMe.id/RoomMe.id Footer/Button FAQ' is clicked on

2020-05-26 11:10:44 - [MESSAGE][PASSED] - Object: 'Object Repository/Web RoomMe.id/RoomMe.id Footer/Button FAQ' is clicked on

2020-05-26 11:10:44 - [TEST_STEP][NOT_RUN] - callTestCase(findTestCase("Web RoomMe.id/1. Homepage/2. Verify Header RoomMe.id"), [:], STOP_ON_FAILURE): NOT_RUN: callTestCase(findTestCase("Web RoomMe.id/1. Homepage/2. Verify Header RoomMe.id"), [:], STOP_ON_FAILURE)

2020-05-26 11:10:44 - [MESSAGE][NOT_RUN] - NOT_RUN: callTestCase(findTestCase("Web RoomMe.id/1. Homepage/2. Verify Header RoomMe.id"), [:], STOP_ON_FAILURE)

2020-05-26 11:10:44 - [TEST_STEP][PASSED] - waitForElementVisible(findTestObject("Web RoomMe.id/RoomMe.id FAQ Page/Button FAQs"), 60): Object 'Object Repository/Web RoomMe.id/RoomMe.id FAQ Page/Button FAQs' is visible

2020-05-26 11:10:45 - [MESSAGE][PASSED] - Object 'Object Repository/Web RoomMe.id/RoomMe.id FAQ Page/Button FAQs' is visible

2020-05-26 11:10:45 - [TEST_STEP][PASSED] - waitForElementVisible(findTestObject("Web RoomMe.id/RoomMe.id FAQ Page/Button Terms  Conditions"), 60): Object 'Object Repository/Web RoomMe.id/RoomMe.id FAQ Page/Button Terms  Conditions' is visible

2020-05-26 11:10:45 - [MESSAGE][PASSED] - Object 'Object Repository/Web RoomMe.id/RoomMe.id FAQ Page/Button Terms  Conditions' is visible

2020-05-26 11:10:45 - [TEST_STEP][PASSED] - waitForElementVisible(findTestObject("Web RoomMe.id/RoomMe.id FAQ Page/Button Terms of Use"), 60): Object 'Object Repository/Web RoomMe.id/RoomMe.id FAQ Page/Button Terms of Use' is visible

2020-05-26 11:10:45 - [MESSAGE][PASSED] - Object 'Object Repository/Web RoomMe.id/RoomMe.id FAQ Page/Button Terms of Use' is visible

2020-05-26 11:10:45 - [TEST_STEP][PASSED] - waitForElementVisible(findTestObject("Web RoomMe.id/RoomMe.id FAQ Page/Button Disclaimer"), 60): Object 'Object Repository/Web RoomMe.id/RoomMe.id FAQ Page/Button Disclaimer' is visible

2020-05-26 11:10:46 - [MESSAGE][PASSED] - Object 'Object Repository/Web RoomMe.id/RoomMe.id FAQ Page/Button Disclaimer' is visible

2020-05-26 11:10:46 - [TEST_STEP][PASSED] - waitForElementVisible(findTestObject("Web RoomMe.id/RoomMe.id FAQ Page/Button Privacy Policy"), 60): Object 'Object Repository/Web RoomMe.id/RoomMe.id FAQ Page/Button Privacy Policy' is visible

2020-05-26 11:10:46 - [MESSAGE][PASSED] - Object 'Object Repository/Web RoomMe.id/RoomMe.id FAQ Page/Button Privacy Policy' is visible

2020-05-26 11:10:46 - [TEST_STEP][PASSED] - waitForElementVisible(findTestObject("Web RoomMe.id/RoomMe.id FAQ Page/Button Booking"), 60): Object 'Object Repository/Web RoomMe.id/RoomMe.id FAQ Page/Button Booking' is visible

2020-05-26 11:10:47 - [MESSAGE][PASSED] - Object 'Object Repository/Web RoomMe.id/RoomMe.id FAQ Page/Button Booking' is visible

2020-05-26 11:10:47 - [TEST_STEP][PASSED] - waitForElementVisible(findTestObject("Web RoomMe.id/RoomMe.id FAQ Page/Button Payment"), 60): Object 'Object Repository/Web RoomMe.id/RoomMe.id FAQ Page/Button Payment' is visible

2020-05-26 11:10:47 - [MESSAGE][PASSED] - Object 'Object Repository/Web RoomMe.id/RoomMe.id FAQ Page/Button Payment' is visible

2020-05-26 11:10:47 - [TEST_STEP][PASSED] - waitForElementVisible(findTestObject("Web RoomMe.id/RoomMe.id FAQ Page/Button Q1"), 60): Object 'Object Repository/Web RoomMe.id/RoomMe.id FAQ Page/Button Q1' is visible

2020-05-26 11:10:47 - [MESSAGE][PASSED] - Object 'Object Repository/Web RoomMe.id/RoomMe.id FAQ Page/Button Q1' is visible

2020-05-26 11:10:47 - [TEST_STEP][PASSED] - verifyElementText(findTestObject("Web RoomMe.id/RoomMe.id FAQ Page/Button Q1"), "Can I make a room booking at kost RoomMe ?"): Actual text and expected text of test object 'Object Repository/Web RoomMe.id/RoomMe.id FAQ Page/Button Q1' are matched.

2020-05-26 11:10:48 - [MESSAGE][PASSED] - Actual text and expected text of test object 'Object Repository/Web RoomMe.id/RoomMe.id FAQ Page/Button Q1' are matched.

2020-05-26 11:10:48 - [TEST_STEP][PASSED] - waitForElementVisible(findTestObject("Web RoomMe.id/RoomMe.id FAQ Page/Text A1"), 60): Object 'Object Repository/Web RoomMe.id/RoomMe.id FAQ Page/Text A1' is visible

2020-05-26 11:10:48 - [MESSAGE][PASSED] - Object 'Object Repository/Web RoomMe.id/RoomMe.id FAQ Page/Text A1' is visible

2020-05-26 11:10:48 - [TEST_STEP][PASSED] - verifyElementText(findTestObject("Web RoomMe.id/RoomMe.id FAQ Page/Text A1"), "Yes, you can browse through ourlisting for available rooms."): Actual text and expected text of test object 'Object Repository/Web RoomMe.id/RoomMe.id FAQ Page/Text A1' are matched.

2020-05-26 11:10:48 - [MESSAGE][PASSED] - Actual text and expected text of test object 'Object Repository/Web RoomMe.id/RoomMe.id FAQ Page/Text A1' are matched.

2020-05-26 11:10:48 - [TEST_STEP][PASSED] - waitForElementVisible(findTestObject("Web RoomMe.id/RoomMe.id FAQ Page/Button Q2"), 60): Object 'Object Repository/Web RoomMe.id/RoomMe.id FAQ Page/Button Q2' is visible

2020-05-26 11:10:49 - [MESSAGE][PASSED] - Object 'Object Repository/Web RoomMe.id/RoomMe.id FAQ Page/Button Q2' is visible

2020-05-26 11:10:49 - [TEST_STEP][PASSED] - verifyElementText(findTestObject("Web RoomMe.id/RoomMe.id FAQ Page/Button Q2"), "Can I survey the place prior to making payments ?"): Actual text and expected text of test object 'Object Repository/Web RoomMe.id/RoomMe.id FAQ Page/Button Q2' are matched.

2020-05-26 11:10:49 - [MESSAGE][PASSED] - Actual text and expected text of test object 'Object Repository/Web RoomMe.id/RoomMe.id FAQ Page/Button Q2' are matched.

2020-05-26 11:10:49 - [TEST_STEP][PASSED] - click(findTestObject("Web RoomMe.id/RoomMe.id FAQ Page/Button Q2")): Object: 'Object Repository/Web RoomMe.id/RoomMe.id FAQ Page/Button Q2' is clicked on

2020-05-26 11:10:49 - [MESSAGE][PASSED] - Object: 'Object Repository/Web RoomMe.id/RoomMe.id FAQ Page/Button Q2' is clicked on

2020-05-26 11:10:49 - [TEST_STEP][PASSED] - waitForElementVisible(findTestObject("Web RoomMe.id/RoomMe.id FAQ Page/Text A2"), 60): Object 'Object Repository/Web RoomMe.id/RoomMe.id FAQ Page/Text A2' is visible

2020-05-26 11:10:50 - [MESSAGE][PASSED] - Object 'Object Repository/Web RoomMe.id/RoomMe.id FAQ Page/Text A2' is visible

2020-05-26 11:10:50 - [TEST_STEP][PASSED] - verifyElementText(findTestObject("Web RoomMe.id/RoomMe.id FAQ Page/Text A2"), "Yes you may and we encourage you to do so! Our survey sessions are held every Monday-Sunday, from 8AM-10PM"): Actual text and expected text of test object 'Object Repository/Web RoomMe.id/RoomMe.id FAQ Page/Text A2' are matched.

2020-05-26 11:10:50 - [MESSAGE][PASSED] - Actual text and expected text of test object 'Object Repository/Web RoomMe.id/RoomMe.id FAQ Page/Text A2' are matched.

2020-05-26 11:10:50 - [TEST_STEP][PASSED] - waitForElementVisible(findTestObject("Web RoomMe.id/RoomMe.id FAQ Page/Button Q3"), 60): Object 'Object Repository/Web RoomMe.id/RoomMe.id FAQ Page/Button Q3' is visible

2020-05-26 11:10:50 - [MESSAGE][PASSED] - Object 'Object Repository/Web RoomMe.id/RoomMe.id FAQ Page/Button Q3' is visible

2020-05-26 11:10:50 - [TEST_STEP][PASSED] - verifyElementText(findTestObject("Web RoomMe.id/RoomMe.id FAQ Page/Button Q3"), "What consist of the standard facilities provided by RoomMe ?"): Actual text and expected text of test object 'Object Repository/Web RoomMe.id/RoomMe.id FAQ Page/Button Q3' are matched.

2020-05-26 11:10:51 - [MESSAGE][PASSED] - Actual text and expected text of test object 'Object Repository/Web RoomMe.id/RoomMe.id FAQ Page/Button Q3' are matched.

2020-05-26 11:10:51 - [TEST_STEP][PASSED] - click(findTestObject("Web RoomMe.id/RoomMe.id FAQ Page/Button Q3")): Object: 'Object Repository/Web RoomMe.id/RoomMe.id FAQ Page/Button Q3' is clicked on

2020-05-26 11:10:51 - [MESSAGE][PASSED] - Object: 'Object Repository/Web RoomMe.id/RoomMe.id FAQ Page/Button Q3' is clicked on

2020-05-26 11:10:51 - [TEST_STEP][PASSED] - waitForElementVisible(findTestObject("Web RoomMe.id/RoomMe.id FAQ Page/Text A3"), 60): Object 'Object Repository/Web RoomMe.id/RoomMe.id FAQ Page/Text A3' is visible

2020-05-26 11:10:51 - [MESSAGE][PASSED] - Object 'Object Repository/Web RoomMe.id/RoomMe.id FAQ Page/Text A3' is visible

2020-05-26 11:10:51 - [TEST_STEP][PASSED] - verifyElementText(findTestObject("Web RoomMe.id/RoomMe.id FAQ Page/Text A3"), id FAQ Text Data").getValue(1, 1)): Actual text and expected text of test object 'Object Repository/Web RoomMe.id/RoomMe.id FAQ Page/Text A3' are matched.

2020-05-26 11:10:52 - [MESSAGE][PASSED] - Actual text and expected text of test object 'Object Repository/Web RoomMe.id/RoomMe.id FAQ Page/Text A3' are matched.

2020-05-26 11:10:52 - [TEST_STEP][PASSED] - waitForElementVisible(findTestObject("Web RoomMe.id/RoomMe.id FAQ Page/Button Q4"), 60): Object 'Object Repository/Web RoomMe.id/RoomMe.id FAQ Page/Button Q4' is visible

2020-05-26 11:10:53 - [MESSAGE][PASSED] - Object 'Object Repository/Web RoomMe.id/RoomMe.id FAQ Page/Button Q4' is visible

2020-05-26 11:10:53 - [TEST_STEP][PASSED] - verifyElementText(findTestObject("Web RoomMe.id/RoomMe.id FAQ Page/Button Q4"), "What if I want to move out of my kost before my stay period is over ?"): Actual text and expected text of test object 'Object Repository/Web RoomMe.id/RoomMe.id FAQ Page/Button Q4' are matched.

2020-05-26 11:10:53 - [MESSAGE][PASSED] - Actual text and expected text of test object 'Object Repository/Web RoomMe.id/RoomMe.id FAQ Page/Button Q4' are matched.

2020-05-26 11:10:53 - [TEST_STEP][PASSED] - click(findTestObject("Web RoomMe.id/RoomMe.id FAQ Page/Button Q4")): Object: 'Object Repository/Web RoomMe.id/RoomMe.id FAQ Page/Button Q4' is clicked on

2020-05-26 11:10:53 - [MESSAGE][PASSED] - Object: 'Object Repository/Web RoomMe.id/RoomMe.id FAQ Page/Button Q4' is clicked on

2020-05-26 11:10:53 - [TEST_STEP][PASSED] - waitForElementVisible(findTestObject("Web RoomMe.id/RoomMe.id FAQ Page/Text A4"), 60): Object 'Object Repository/Web RoomMe.id/RoomMe.id FAQ Page/Text A4' is visible

2020-05-26 11:10:54 - [MESSAGE][PASSED] - Object 'Object Repository/Web RoomMe.id/RoomMe.id FAQ Page/Text A4' is visible

2020-05-26 11:10:54 - [TEST_STEP][PASSED] - verifyElementText(findTestObject("Web RoomMe.id/RoomMe.id FAQ Page/Text A4"), "We have a “No Cancellation Policy” where customers cannot cancel bookings that they have made."): Actual text and expected text of test object 'Object Repository/Web RoomMe.id/RoomMe.id FAQ Page/Text A4' are matched.

2020-05-26 11:10:54 - [MESSAGE][PASSED] - Actual text and expected text of test object 'Object Repository/Web RoomMe.id/RoomMe.id FAQ Page/Text A4' are matched.

2020-05-26 11:10:54 - [TEST_STEP][PASSED] - waitForElementVisible(findTestObject("Web RoomMe.id/RoomMe.id FAQ Page/Button Q5"), 60): Object 'Object Repository/Web RoomMe.id/RoomMe.id FAQ Page/Button Q5' is visible

2020-05-26 11:10:55 - [MESSAGE][PASSED] - Object 'Object Repository/Web RoomMe.id/RoomMe.id FAQ Page/Button Q5' is visible

2020-05-26 11:10:55 - [TEST_STEP][PASSED] - verifyElementText(findTestObject("Web RoomMe.id/RoomMe.id FAQ Page/Button Q5"), "Can I invite relative/friends to occasionally stay at the kost ?"): Actual text and expected text of test object 'Object Repository/Web RoomMe.id/RoomMe.id FAQ Page/Button Q5' are matched.

2020-05-26 11:10:55 - [MESSAGE][PASSED] - Actual text and expected text of test object 'Object Repository/Web RoomMe.id/RoomMe.id FAQ Page/Button Q5' are matched.

2020-05-26 11:10:55 - [TEST_STEP][PASSED] - click(findTestObject("Web RoomMe.id/RoomMe.id FAQ Page/Button Q5")): Object: 'Object Repository/Web RoomMe.id/RoomMe.id FAQ Page/Button Q5' is clicked on

2020-05-26 11:10:55 - [MESSAGE][PASSED] - Object: 'Object Repository/Web RoomMe.id/RoomMe.id FAQ Page/Button Q5' is clicked on

2020-05-26 11:10:55 - [TEST_STEP][PASSED] - waitForElementVisible(findTestObject("Web RoomMe.id/RoomMe.id FAQ Page/Text A5"), 60): Object 'Object Repository/Web RoomMe.id/RoomMe.id FAQ Page/Text A5' is visible

2020-05-26 11:10:56 - [MESSAGE][PASSED] - Object 'Object Repository/Web RoomMe.id/RoomMe.id FAQ Page/Text A5' is visible

2020-05-26 11:10:56 - [TEST_STEP][PASSED] - verifyElementText(findTestObject("Web RoomMe.id/RoomMe.id FAQ Page/Text A5"), "Our kost facilities are intended only forregistered and registered tenants. If the tenant wishes to host guests, then a rate of Rp. 250,000 per person per night is required. There is a maximum of 2 people perroom, and if the guest(s) stays for more than 1 day, he/she must provide government-approved identification (PERSONAL IDENTIFICATION CARD [KTP] / DRIVER’S LICENSE [SIM] / PASSPORT)."): Actual text and expected text of test object 'Object Repository/Web RoomMe.id/RoomMe.id FAQ Page/Text A5' are matched.

2020-05-26 11:10:56 - [MESSAGE][PASSED] - Actual text and expected text of test object 'Object Repository/Web RoomMe.id/RoomMe.id FAQ Page/Text A5' are matched.

2020-05-26 11:10:56 - [TEST_STEP][PASSED] - waitForElementVisible(findTestObject("Web RoomMe.id/RoomMe.id FAQ Page/Button Q6"), 60): Object 'Object Repository/Web RoomMe.id/RoomMe.id FAQ Page/Button Q6' is visible

2020-05-26 11:10:56 - [MESSAGE][PASSED] - Object 'Object Repository/Web RoomMe.id/RoomMe.id FAQ Page/Button Q6' is visible

2020-05-26 11:10:56 - [TEST_STEP][PASSED] - verifyElementText(findTestObject("Web RoomMe.id/RoomMe.id FAQ Page/Button Q6"), "To whom and where do I report to if there is damage in my room ?"): Actual text and expected text of test object 'Object Repository/Web RoomMe.id/RoomMe.id FAQ Page/Button Q6' are matched.

2020-05-26 11:10:57 - [MESSAGE][PASSED] - Actual text and expected text of test object 'Object Repository/Web RoomMe.id/RoomMe.id FAQ Page/Button Q6' are matched.

2020-05-26 11:10:57 - [TEST_STEP][PASSED] - click(findTestObject("Web RoomMe.id/RoomMe.id FAQ Page/Button Q6")): Object: 'Object Repository/Web RoomMe.id/RoomMe.id FAQ Page/Button Q6' is clicked on

2020-05-26 11:10:57 - [MESSAGE][PASSED] - Object: 'Object Repository/Web RoomMe.id/RoomMe.id FAQ Page/Button Q6' is clicked on

2020-05-26 11:10:57 - [TEST_STEP][PASSED] - waitForElementVisible(findTestObject("Web RoomMe.id/RoomMe.id FAQ Page/Text A6"), 60): Object 'Object Repository/Web RoomMe.id/RoomMe.id FAQ Page/Text A6' is visible

2020-05-26 11:10:57 - [MESSAGE][PASSED] - Object 'Object Repository/Web RoomMe.id/RoomMe.id FAQ Page/Text A6' is visible

2020-05-26 11:10:57 - [TEST_STEP][PASSED] - verifyElementText(findTestObject("Web RoomMe.id/RoomMe.id FAQ Page/Text A6"), "For reports, please call or WhatsApp our customer service at 0821-7666-6300"): Actual text and expected text of test object 'Object Repository/Web RoomMe.id/RoomMe.id FAQ Page/Text A6' are matched.

2020-05-26 11:10:58 - [MESSAGE][PASSED] - Actual text and expected text of test object 'Object Repository/Web RoomMe.id/RoomMe.id FAQ Page/Text A6' are matched.

2020-05-26 11:10:58 - [TEST_STEP][NOT_RUN] - callTestCase(findTestCase("Web RoomMe.id/1. Homepage/7. Verify Footer RoomMe.id"), [:], STOP_ON_FAILURE): NOT_RUN: callTestCase(findTestCase("Web RoomMe.id/1. Homepage/7. Verify Footer RoomMe.id"), [:], STOP_ON_FAILURE)

2020-05-26 11:10:58 - [MESSAGE][NOT_RUN] - NOT_RUN: callTestCase(findTestCase("Web RoomMe.id/1. Homepage/7. Verify Footer RoomMe.id"), [:], STOP_ON_FAILURE)]]></system-out>
         <system-err><![CDATA[]]></system-err>
      </testcase>
      <testcase name="Test Cases/Web RoomMe.id/4. Our Terms/Customer Access FAQ (Payment) Page" time="30.612" classname="Test Cases/Web RoomMe.id/4. Our Terms/Customer Access FAQ (Payment) Page" status="PASSED">
         <system-out><![CDATA[2020-05-26 11:10:58 - [TEST_CASE][PASSED] - Test Cases/Web RoomMe.id/4. Our Terms/Customer Access FAQ (Payment) Page: Test Cases/Web RoomMe.id/4. Our Terms/Customer Access FAQ (Payment) Page

2020-05-26 11:10:58 - [TEST_STEP][PASSED] - callTestCase(findTestCase("Web RoomMe.id/1. Homepage/1. Customer Access RoomMe Page"), [:], STOP_ON_FAILURE): Call Test Case 'Test Cases/Web RoomMe.id/1. Homepage/1. Customer Access RoomMe Page' successfully

2020-05-26 11:10:58 - [TEST_CASE][PASSED] - Test Cases/Web RoomMe.id/1. Homepage/1. Customer Access RoomMe Page: Test Cases/Web RoomMe.id/1. Homepage/1. Customer Access RoomMe Page

2020-05-26 11:10:58 - [TEST_STEP][PASSED] - openBrowser(url): Browser is opened with url: 'web.roomme.id'

2020-05-26 11:10:58 - [MESSAGE][WARNING] - A browser is already opened. Closing browser and opening a new one

2020-05-26 11:10:59 - [MESSAGE][INFO] - Starting 'Chrome' driver

2020-05-26 11:11:07 - [MESSAGE][PASSED] - Browser is opened with url: 'web.roomme.id'

2020-05-26 11:11:07 - [TEST_STEP][PASSED] - maximizeWindow(): Current window maximized

2020-05-26 11:11:10 - [MESSAGE][PASSED] - Current window maximized

2020-05-26 11:11:10 - [TEST_STEP][PASSED] - waitForPageLoad(0): Wait for page load successfully

2020-05-26 11:11:10 - [MESSAGE][WARNING] - Timeout '0' is invalid. Using default page load timeout: '60'

2020-05-26 11:11:10 - [MESSAGE][PASSED] - Wait for page load successfully

2020-05-26 11:11:10 - [MESSAGE][PASSED] - Call Test Case 'Test Cases/Web RoomMe.id/1. Homepage/1. Customer Access RoomMe Page' successfully

2020-05-26 11:11:10 - [TEST_STEP][NOT_RUN] - callTestCase(findTestCase("Web RoomMe.id/1. Homepage/2. Verify Header RoomMe.id"), [:], STOP_ON_FAILURE): NOT_RUN: callTestCase(findTestCase("Web RoomMe.id/1. Homepage/2. Verify Header RoomMe.id"), [:], STOP_ON_FAILURE)

2020-05-26 11:11:10 - [MESSAGE][NOT_RUN] - NOT_RUN: callTestCase(findTestCase("Web RoomMe.id/1. Homepage/2. Verify Header RoomMe.id"), [:], STOP_ON_FAILURE)

2020-05-26 11:11:10 - [TEST_STEP][PASSED] - click(findTestObject("Web RoomMe.id/RoomMe.id Footer/Button FAQ")): Object: 'Object Repository/Web RoomMe.id/RoomMe.id Footer/Button FAQ' is clicked on

2020-05-26 11:11:12 - [MESSAGE][PASSED] - Object: 'Object Repository/Web RoomMe.id/RoomMe.id Footer/Button FAQ' is clicked on

2020-05-26 11:11:12 - [TEST_STEP][PASSED] - callTestCase(findTestCase("Web RoomMe.id/1. Homepage/2. Verify Header RoomMe.id"), [:], STOP_ON_FAILURE): Call Test Case 'Test Cases/Web RoomMe.id/1. Homepage/2. Verify Header RoomMe.id' successfully

2020-05-26 11:11:12 - [TEST_CASE][PASSED] - Test Cases/Web RoomMe.id/1. Homepage/2. Verify Header RoomMe.id: Test Cases/Web RoomMe.id/1. Homepage/2. Verify Header RoomMe.id

2020-05-26 11:11:12 - [TEST_STEP][PASSED] - objectSubFolder = "Web RoomMe.id\RoomMe.id Header\": null

2020-05-26 11:11:12 - [TEST_STEP][PASSED] - pathToObjRep = getProjectDir() + "\Object Repository\" + objectSubFolder: null

2020-05-26 11:11:12 - [TEST_STEP][PASSED] - yourObjects = new java.io.File(pathToObjRep): null

2020-05-26 11:11:12 - [TEST_STEP][PASSED] - fileNames = yourObjects.list(): null

2020-05-26 11:11:12 - [TEST_STEP][PASSED] - testObjects = new java.util.ArrayList(): null

2020-05-26 11:11:12 - [TEST_STEP][PASSED] - for ([i = 0, i < length, (i++)]): null

2020-05-26 11:11:12 - [TEST_STEP][PASSED] - if (fileNames[i].contains(".rs")): null

2020-05-26 11:11:12 - [TEST_STEP][PASSED] - if (fileNames[i].contains(".rs")): null

2020-05-26 11:11:12 - [TEST_STEP][PASSED] - fileNames[i] = fileNames[i].replace(".rs", ""): null

2020-05-26 11:11:12 - [TEST_STEP][PASSED] - testObjects.add(objectSubFolder + fileNames[i]): null

2020-05-26 11:11:12 - [TEST_STEP][PASSED] - if (fileNames[i].contains(".rs")): null

2020-05-26 11:11:12 - [TEST_STEP][PASSED] - fileNames[i] = fileNames[i].replace(".rs", ""): null

2020-05-26 11:11:12 - [TEST_STEP][PASSED] - testObjects.add(objectSubFolder + fileNames[i]): null

2020-05-26 11:11:12 - [TEST_STEP][PASSED] - if (fileNames[i].contains(".rs")): null

2020-05-26 11:11:12 - [TEST_STEP][PASSED] - fileNames[i] = fileNames[i].replace(".rs", ""): null

2020-05-26 11:11:12 - [TEST_STEP][PASSED] - testObjects.add(objectSubFolder + fileNames[i]): null

2020-05-26 11:11:12 - [TEST_STEP][PASSED] - if (fileNames[i].contains(".rs")): null

2020-05-26 11:11:12 - [TEST_STEP][PASSED] - fileNames[i] = fileNames[i].replace(".rs", ""): null

2020-05-26 11:11:12 - [TEST_STEP][PASSED] - testObjects.add(objectSubFolder + fileNames[i]): null

2020-05-26 11:11:12 - [TEST_STEP][PASSED] - if (fileNames[i].contains(".rs")): null

2020-05-26 11:11:12 - [TEST_STEP][PASSED] - for (String obj : testObjects): Object 'Object Repository/Web RoomMe.id\RoomMe.id Header\Image Header Logo' is visible

2020-05-26 11:11:12 - [TEST_STEP][PASSED] - verifyElementVisible(findTestObject(obj)): Object 'Object Repository/Web RoomMe.id\RoomMe.id Header\Button Are You Landlord' is visible

2020-05-26 11:11:13 - [MESSAGE][PASSED] - Object 'Object Repository/Web RoomMe.id\RoomMe.id Header\Button Are You Landlord' is visible

2020-05-26 11:11:13 - [TEST_STEP][PASSED] - verifyElementVisible(findTestObject(obj)): Object 'Object Repository/Web RoomMe.id\RoomMe.id Header\Button Community' is visible

2020-05-26 11:11:13 - [MESSAGE][PASSED] - Object 'Object Repository/Web RoomMe.id\RoomMe.id Header\Button Community' is visible

2020-05-26 11:11:13 - [TEST_STEP][PASSED] - verifyElementVisible(findTestObject(obj)): Object 'Object Repository/Web RoomMe.id\RoomMe.id Header\Button Sign In' is visible

2020-05-26 11:11:13 - [MESSAGE][PASSED] - Object 'Object Repository/Web RoomMe.id\RoomMe.id Header\Button Sign In' is visible

2020-05-26 11:11:13 - [TEST_STEP][PASSED] - verifyElementVisible(findTestObject(obj)): Object 'Object Repository/Web RoomMe.id\RoomMe.id Header\Image Header Logo' is visible

2020-05-26 11:11:13 - [MESSAGE][PASSED] - Object 'Object Repository/Web RoomMe.id\RoomMe.id Header\Image Header Logo' is visible

2020-05-26 11:11:13 - [MESSAGE][PASSED] - Call Test Case 'Test Cases/Web RoomMe.id/1. Homepage/2. Verify Header RoomMe.id' successfully

2020-05-26 11:11:13 - [TEST_STEP][PASSED] - waitForElementVisible(findTestObject("Web RoomMe.id/RoomMe.id FAQ Page/Button FAQs"), 60): Object 'Object Repository/Web RoomMe.id/RoomMe.id FAQ Page/Button FAQs' is visible

2020-05-26 11:11:14 - [MESSAGE][PASSED] - Object 'Object Repository/Web RoomMe.id/RoomMe.id FAQ Page/Button FAQs' is visible

2020-05-26 11:11:14 - [TEST_STEP][PASSED] - waitForElementVisible(findTestObject("Web RoomMe.id/RoomMe.id FAQ Page/Button Terms  Conditions"), 60): Object 'Object Repository/Web RoomMe.id/RoomMe.id FAQ Page/Button Terms  Conditions' is visible

2020-05-26 11:11:15 - [MESSAGE][PASSED] - Object 'Object Repository/Web RoomMe.id/RoomMe.id FAQ Page/Button Terms  Conditions' is visible

2020-05-26 11:11:15 - [TEST_STEP][PASSED] - waitForElementVisible(findTestObject("Web RoomMe.id/RoomMe.id FAQ Page/Button Terms of Use"), 60): Object 'Object Repository/Web RoomMe.id/RoomMe.id FAQ Page/Button Terms of Use' is visible

2020-05-26 11:11:15 - [MESSAGE][PASSED] - Object 'Object Repository/Web RoomMe.id/RoomMe.id FAQ Page/Button Terms of Use' is visible

2020-05-26 11:11:15 - [TEST_STEP][PASSED] - waitForElementVisible(findTestObject("Web RoomMe.id/RoomMe.id FAQ Page/Button Disclaimer"), 60): Object 'Object Repository/Web RoomMe.id/RoomMe.id FAQ Page/Button Disclaimer' is visible

2020-05-26 11:11:15 - [MESSAGE][PASSED] - Object 'Object Repository/Web RoomMe.id/RoomMe.id FAQ Page/Button Disclaimer' is visible

2020-05-26 11:11:15 - [TEST_STEP][PASSED] - waitForElementVisible(findTestObject("Web RoomMe.id/RoomMe.id FAQ Page/Button Privacy Policy"), 60): Object 'Object Repository/Web RoomMe.id/RoomMe.id FAQ Page/Button Privacy Policy' is visible

2020-05-26 11:11:16 - [MESSAGE][PASSED] - Object 'Object Repository/Web RoomMe.id/RoomMe.id FAQ Page/Button Privacy Policy' is visible

2020-05-26 11:11:16 - [TEST_STEP][PASSED] - waitForElementVisible(findTestObject("Web RoomMe.id/RoomMe.id FAQ Page/Button Booking"), 60): Object 'Object Repository/Web RoomMe.id/RoomMe.id FAQ Page/Button Booking' is visible

2020-05-26 11:11:16 - [MESSAGE][PASSED] - Object 'Object Repository/Web RoomMe.id/RoomMe.id FAQ Page/Button Booking' is visible

2020-05-26 11:11:16 - [TEST_STEP][PASSED] - waitForElementVisible(findTestObject("Web RoomMe.id/RoomMe.id FAQ Page/Button Payment"), 60): Object 'Object Repository/Web RoomMe.id/RoomMe.id FAQ Page/Button Payment' is visible

2020-05-26 11:11:16 - [MESSAGE][PASSED] - Object 'Object Repository/Web RoomMe.id/RoomMe.id FAQ Page/Button Payment' is visible

2020-05-26 11:11:16 - [TEST_STEP][PASSED] - click(findTestObject("Web RoomMe.id/RoomMe.id FAQ Page/Button Payment")): Object: 'Object Repository/Web RoomMe.id/RoomMe.id FAQ Page/Button Payment' is clicked on

2020-05-26 11:11:17 - [MESSAGE][PASSED] - Object: 'Object Repository/Web RoomMe.id/RoomMe.id FAQ Page/Button Payment' is clicked on

2020-05-26 11:11:17 - [TEST_STEP][PASSED] - verifyElementText(findTestObject("Web RoomMe.id/RoomMe.id FAQ Page/RoomMe FAQ Payment/Button Q1"), "What method of payments does RoomMe offer ?"): Actual text and expected text of test object 'Object Repository/Web RoomMe.id/RoomMe.id FAQ Page/RoomMe FAQ Payment/Button Q1' are matched.

2020-05-26 11:11:17 - [MESSAGE][PASSED] - Actual text and expected text of test object 'Object Repository/Web RoomMe.id/RoomMe.id FAQ Page/RoomMe FAQ Payment/Button Q1' are matched.

2020-05-26 11:11:17 - [TEST_STEP][PASSED] - verifyElementText(findTestObject("Web RoomMe.id/RoomMe.id FAQ Page/RoomMe FAQ Payment/Text A1"), id FAQ Text Data").getValue(1, 2)): Actual text and expected text of test object 'Object Repository/Web RoomMe.id/RoomMe.id FAQ Page/RoomMe FAQ Payment/Text A1' are matched.

2020-05-26 11:11:18 - [MESSAGE][PASSED] - Actual text and expected text of test object 'Object Repository/Web RoomMe.id/RoomMe.id FAQ Page/RoomMe FAQ Payment/Text A1' are matched.

2020-05-26 11:11:18 - [TEST_STEP][PASSED] - waitForElementVisible(findTestObject("Web RoomMe.id/RoomMe.id FAQ Page/RoomMe FAQ Payment/Button Q2"), 60): Object 'Object Repository/Web RoomMe.id/RoomMe.id FAQ Page/RoomMe FAQ Payment/Button Q2' is visible

2020-05-26 11:11:18 - [MESSAGE][PASSED] - Object 'Object Repository/Web RoomMe.id/RoomMe.id FAQ Page/RoomMe FAQ Payment/Button Q2' is visible

2020-05-26 11:11:18 - [TEST_STEP][PASSED] - click(findTestObject("Web RoomMe.id/RoomMe.id FAQ Page/RoomMe FAQ Payment/Button Q2")): Object: 'Object Repository/Web RoomMe.id/RoomMe.id FAQ Page/RoomMe FAQ Payment/Button Q2' is clicked on

2020-05-26 11:11:18 - [MESSAGE][PASSED] - Object: 'Object Repository/Web RoomMe.id/RoomMe.id FAQ Page/RoomMe FAQ Payment/Button Q2' is clicked on

2020-05-26 11:11:18 - [TEST_STEP][PASSED] - verifyElementText(findTestObject("Web RoomMe.id/RoomMe.id FAQ Page/RoomMe FAQ Payment/Button Q2"), "Can I survey the place prior to making payments ?"): Actual text and expected text of test object 'Object Repository/Web RoomMe.id/RoomMe.id FAQ Page/RoomMe FAQ Payment/Button Q2' are matched.

2020-05-26 11:11:19 - [MESSAGE][PASSED] - Actual text and expected text of test object 'Object Repository/Web RoomMe.id/RoomMe.id FAQ Page/RoomMe FAQ Payment/Button Q2' are matched.

2020-05-26 11:11:19 - [TEST_STEP][PASSED] - verifyElementText(findTestObject("Web RoomMe.id/RoomMe.id FAQ Page/RoomMe FAQ Payment/Text A2"), "No, we provide rental and payment terms in a 1-month, 3-months, 6-months or 12-months contract."): Actual text and expected text of test object 'Object Repository/Web RoomMe.id/RoomMe.id FAQ Page/RoomMe FAQ Payment/Text A2' are matched.

2020-05-26 11:11:19 - [MESSAGE][PASSED] - Actual text and expected text of test object 'Object Repository/Web RoomMe.id/RoomMe.id FAQ Page/RoomMe FAQ Payment/Text A2' are matched.

2020-05-26 11:11:19 - [TEST_STEP][PASSED] - waitForElementVisible(findTestObject("Web RoomMe.id/RoomMe.id FAQ Page/RoomMe FAQ Payment/Button Q3"), 60): Object 'Object Repository/Web RoomMe.id/RoomMe.id FAQ Page/RoomMe FAQ Payment/Button Q3' is visible

2020-05-26 11:11:20 - [MESSAGE][PASSED] - Object 'Object Repository/Web RoomMe.id/RoomMe.id FAQ Page/RoomMe FAQ Payment/Button Q3' is visible

2020-05-26 11:11:20 - [TEST_STEP][PASSED] - click(findTestObject("Web RoomMe.id/RoomMe.id FAQ Page/RoomMe FAQ Payment/Button Q3")): Object: 'Object Repository/Web RoomMe.id/RoomMe.id FAQ Page/RoomMe FAQ Payment/Button Q3' is clicked on

2020-05-26 11:11:20 - [MESSAGE][PASSED] - Object: 'Object Repository/Web RoomMe.id/RoomMe.id FAQ Page/RoomMe FAQ Payment/Button Q3' is clicked on

2020-05-26 11:11:20 - [TEST_STEP][PASSED] - verifyElementText(findTestObject("Web RoomMe.id/RoomMe.id FAQ Page/RoomMe FAQ Payment/Button Q3"), "Do I have to pay a deposit upfront ?"): Actual text and expected text of test object 'Object Repository/Web RoomMe.id/RoomMe.id FAQ Page/RoomMe FAQ Payment/Button Q3' are matched.

2020-05-26 11:11:20 - [MESSAGE][PASSED] - Actual text and expected text of test object 'Object Repository/Web RoomMe.id/RoomMe.id FAQ Page/RoomMe FAQ Payment/Button Q3' are matched.

2020-05-26 11:11:20 - [TEST_STEP][PASSED] - waitForElementVisible(findTestObject("Web RoomMe.id/RoomMe.id FAQ Page/RoomMe FAQ Payment/Text A3"), 60): Object 'Object Repository/Web RoomMe.id/RoomMe.id FAQ Page/RoomMe FAQ Payment/Text A3' is visible

2020-05-26 11:11:21 - [MESSAGE][PASSED] - Object 'Object Repository/Web RoomMe.id/RoomMe.id FAQ Page/RoomMe FAQ Payment/Text A3' is visible

2020-05-26 11:11:21 - [TEST_STEP][PASSED] - verifyElementText(findTestObject("Web RoomMe.id/RoomMe.id FAQ Page/RoomMe FAQ Payment/Text A3"), id FAQ Text Data").getValue(1, 3)): Actual text and expected text of test object 'Object Repository/Web RoomMe.id/RoomMe.id FAQ Page/RoomMe FAQ Payment/Text A3' are matched.

2020-05-26 11:11:21 - [MESSAGE][PASSED] - Actual text and expected text of test object 'Object Repository/Web RoomMe.id/RoomMe.id FAQ Page/RoomMe FAQ Payment/Text A3' are matched.

2020-05-26 11:11:21 - [TEST_STEP][PASSED] - waitForElementVisible(findTestObject("Web RoomMe.id/RoomMe.id FAQ Page/RoomMe FAQ Payment/Button Q4"), 60): Object 'Object Repository/Web RoomMe.id/RoomMe.id FAQ Page/RoomMe FAQ Payment/Button Q4' is visible

2020-05-26 11:11:21 - [MESSAGE][PASSED] - Object 'Object Repository/Web RoomMe.id/RoomMe.id FAQ Page/RoomMe FAQ Payment/Button Q4' is visible

2020-05-26 11:11:21 - [TEST_STEP][PASSED] - click(findTestObject("Web RoomMe.id/RoomMe.id FAQ Page/RoomMe FAQ Payment/Button Q4")): Object: 'Object Repository/Web RoomMe.id/RoomMe.id FAQ Page/RoomMe FAQ Payment/Button Q4' is clicked on

2020-05-26 11:11:22 - [MESSAGE][PASSED] - Object: 'Object Repository/Web RoomMe.id/RoomMe.id FAQ Page/RoomMe FAQ Payment/Button Q4' is clicked on

2020-05-26 11:11:22 - [TEST_STEP][PASSED] - verifyElementText(findTestObject("Web RoomMe.id/RoomMe.id FAQ Page/RoomMe FAQ Payment/Button Q4"), "Will the payments be addressed to RoomMe or kost owners ?"): Actual text and expected text of test object 'Object Repository/Web RoomMe.id/RoomMe.id FAQ Page/RoomMe FAQ Payment/Button Q4' are matched.

2020-05-26 11:11:22 - [MESSAGE][PASSED] - Actual text and expected text of test object 'Object Repository/Web RoomMe.id/RoomMe.id FAQ Page/RoomMe FAQ Payment/Button Q4' are matched.

2020-05-26 11:11:22 - [TEST_STEP][PASSED] - waitForElementVisible(findTestObject("Web RoomMe.id/RoomMe.id FAQ Page/RoomMe FAQ Payment/Text A4"), 60): Object 'Object Repository/Web RoomMe.id/RoomMe.id FAQ Page/RoomMe FAQ Payment/Text A4' is visible

2020-05-26 11:11:23 - [MESSAGE][PASSED] - Object 'Object Repository/Web RoomMe.id/RoomMe.id FAQ Page/RoomMe FAQ Payment/Text A4' is visible

2020-05-26 11:11:23 - [TEST_STEP][PASSED] - verifyElementText(findTestObject("Web RoomMe.id/RoomMe.id FAQ Page/RoomMe FAQ Payment/Text A4"), id FAQ Text Data").getValue(1, 5)): Actual text and expected text of test object 'Object Repository/Web RoomMe.id/RoomMe.id FAQ Page/RoomMe FAQ Payment/Text A4' are matched.

2020-05-26 11:11:23 - [MESSAGE][PASSED] - Actual text and expected text of test object 'Object Repository/Web RoomMe.id/RoomMe.id FAQ Page/RoomMe FAQ Payment/Text A4' are matched.

2020-05-26 11:11:23 - [TEST_STEP][PASSED] - waitForElementVisible(findTestObject("Web RoomMe.id/RoomMe.id FAQ Page/RoomMe FAQ Payment/Button Q5"), 60): Object 'Object Repository/Web RoomMe.id/RoomMe.id FAQ Page/RoomMe FAQ Payment/Button Q5' is visible

2020-05-26 11:11:23 - [MESSAGE][PASSED] - Object 'Object Repository/Web RoomMe.id/RoomMe.id FAQ Page/RoomMe FAQ Payment/Button Q5' is visible

2020-05-26 11:11:23 - [TEST_STEP][PASSED] - click(findTestObject("Web RoomMe.id/RoomMe.id FAQ Page/RoomMe FAQ Payment/Button Q5")): Object: 'Object Repository/Web RoomMe.id/RoomMe.id FAQ Page/RoomMe FAQ Payment/Button Q5' is clicked on

2020-05-26 11:11:24 - [MESSAGE][PASSED] - Object: 'Object Repository/Web RoomMe.id/RoomMe.id FAQ Page/RoomMe FAQ Payment/Button Q5' is clicked on

2020-05-26 11:11:24 - [TEST_STEP][PASSED] - verifyElementText(findTestObject("Web RoomMe.id/RoomMe.id FAQ Page/RoomMe FAQ Payment/Button Q5"), "Do you have installment programs ?"): Actual text and expected text of test object 'Object Repository/Web RoomMe.id/RoomMe.id FAQ Page/RoomMe FAQ Payment/Button Q5' are matched.

2020-05-26 11:11:24 - [MESSAGE][PASSED] - Actual text and expected text of test object 'Object Repository/Web RoomMe.id/RoomMe.id FAQ Page/RoomMe FAQ Payment/Button Q5' are matched.

2020-05-26 11:11:24 - [TEST_STEP][PASSED] - waitForElementVisible(findTestObject("Web RoomMe.id/RoomMe.id FAQ Page/RoomMe FAQ Payment/Text A5"), 60): Object 'Object Repository/Web RoomMe.id/RoomMe.id FAQ Page/RoomMe FAQ Payment/Text A5' is visible

2020-05-26 11:11:24 - [MESSAGE][PASSED] - Object 'Object Repository/Web RoomMe.id/RoomMe.id FAQ Page/RoomMe FAQ Payment/Text A5' is visible

2020-05-26 11:11:24 - [TEST_STEP][PASSED] - verifyElementText(findTestObject("Web RoomMe.id/RoomMe.id FAQ Page/RoomMe FAQ Payment/Text A5"), "Unfortunately, we do not have any installment programs at the moment"): Actual text and expected text of test object 'Object Repository/Web RoomMe.id/RoomMe.id FAQ Page/RoomMe FAQ Payment/Text A5' are matched.

2020-05-26 11:11:25 - [MESSAGE][PASSED] - Actual text and expected text of test object 'Object Repository/Web RoomMe.id/RoomMe.id FAQ Page/RoomMe FAQ Payment/Text A5' are matched.

2020-05-26 11:11:25 - [TEST_STEP][PASSED] - waitForElementVisible(findTestObject("Web RoomMe.id/RoomMe.id FAQ Page/RoomMe FAQ Payment/Button Q6"), 60): Object 'Object Repository/Web RoomMe.id/RoomMe.id FAQ Page/RoomMe FAQ Payment/Button Q6' is visible

2020-05-26 11:11:25 - [MESSAGE][PASSED] - Object 'Object Repository/Web RoomMe.id/RoomMe.id FAQ Page/RoomMe FAQ Payment/Button Q6' is visible

2020-05-26 11:11:25 - [TEST_STEP][PASSED] - click(findTestObject("Web RoomMe.id/RoomMe.id FAQ Page/RoomMe FAQ Payment/Button Q6")): Object: 'Object Repository/Web RoomMe.id/RoomMe.id FAQ Page/RoomMe FAQ Payment/Button Q6' is clicked on

2020-05-26 11:11:25 - [MESSAGE][PASSED] - Object: 'Object Repository/Web RoomMe.id/RoomMe.id FAQ Page/RoomMe FAQ Payment/Button Q6' is clicked on

2020-05-26 11:11:25 - [TEST_STEP][PASSED] - verifyElementText(findTestObject("Web RoomMe.id/RoomMe.id FAQ Page/RoomMe FAQ Payment/Button Q6"), "How do I make payments for my kost ?"): Actual text and expected text of test object 'Object Repository/Web RoomMe.id/RoomMe.id FAQ Page/RoomMe FAQ Payment/Button Q6' are matched.

2020-05-26 11:11:26 - [MESSAGE][PASSED] - Actual text and expected text of test object 'Object Repository/Web RoomMe.id/RoomMe.id FAQ Page/RoomMe FAQ Payment/Button Q6' are matched.

2020-05-26 11:11:26 - [TEST_STEP][PASSED] - waitForElementVisible(findTestObject("Web RoomMe.id/RoomMe.id FAQ Page/RoomMe FAQ Payment/Text A6"), 60): Object 'Object Repository/Web RoomMe.id/RoomMe.id FAQ Page/RoomMe FAQ Payment/Text A6' is visible

2020-05-26 11:11:26 - [MESSAGE][PASSED] - Object 'Object Repository/Web RoomMe.id/RoomMe.id FAQ Page/RoomMe FAQ Payment/Text A6' is visible

2020-05-26 11:11:26 - [TEST_STEP][PASSED] - verifyElementText(findTestObject("Web RoomMe.id/RoomMe.id FAQ Page/RoomMe FAQ Payment/Text A6"), id FAQ Text Data").getValue(1, 5)): Actual text and expected text of test object 'Object Repository/Web RoomMe.id/RoomMe.id FAQ Page/RoomMe FAQ Payment/Text A6' are matched.

2020-05-26 11:11:27 - [MESSAGE][PASSED] - Actual text and expected text of test object 'Object Repository/Web RoomMe.id/RoomMe.id FAQ Page/RoomMe FAQ Payment/Text A6' are matched.

2020-05-26 11:11:27 - [TEST_STEP][PASSED] - waitForElementVisible(findTestObject("Web RoomMe.id/RoomMe.id FAQ Page/RoomMe FAQ Payment/Button Q7"), 60): Object 'Object Repository/Web RoomMe.id/RoomMe.id FAQ Page/RoomMe FAQ Payment/Button Q7' is visible

2020-05-26 11:11:27 - [MESSAGE][PASSED] - Object 'Object Repository/Web RoomMe.id/RoomMe.id FAQ Page/RoomMe FAQ Payment/Button Q7' is visible

2020-05-26 11:11:27 - [TEST_STEP][PASSED] - click(findTestObject("Web RoomMe.id/RoomMe.id FAQ Page/RoomMe FAQ Payment/Button Q7")): Object: 'Object Repository/Web RoomMe.id/RoomMe.id FAQ Page/RoomMe FAQ Payment/Button Q7' is clicked on

2020-05-26 11:11:27 - [MESSAGE][PASSED] - Object: 'Object Repository/Web RoomMe.id/RoomMe.id FAQ Page/RoomMe FAQ Payment/Button Q7' is clicked on

2020-05-26 11:11:27 - [TEST_STEP][PASSED] - verifyElementText(findTestObject("Web RoomMe.id/RoomMe.id FAQ Page/RoomMe FAQ Payment/Button Q7"), "Are there any fines imposed on me while staying with RoomMe ?"): Actual text and expected text of test object 'Object Repository/Web RoomMe.id/RoomMe.id FAQ Page/RoomMe FAQ Payment/Button Q7' are matched.

2020-05-26 11:11:28 - [MESSAGE][PASSED] - Actual text and expected text of test object 'Object Repository/Web RoomMe.id/RoomMe.id FAQ Page/RoomMe FAQ Payment/Button Q7' are matched.

2020-05-26 11:11:28 - [TEST_STEP][PASSED] - waitForElementVisible(findTestObject("Web RoomMe.id/RoomMe.id FAQ Page/RoomMe FAQ Payment/Text A7"), 60): Object 'Object Repository/Web RoomMe.id/RoomMe.id FAQ Page/RoomMe FAQ Payment/Text A7' is visible

2020-05-26 11:11:28 - [MESSAGE][PASSED] - Object 'Object Repository/Web RoomMe.id/RoomMe.id FAQ Page/RoomMe FAQ Payment/Text A7' is visible

2020-05-26 11:11:28 - [TEST_STEP][PASSED] - verifyElementText(findTestObject("Web RoomMe.id/RoomMe.id FAQ Page/RoomMe FAQ Payment/Text A7"), id FAQ Text Data").getValue(1, 4)): Actual text and expected text of test object 'Object Repository/Web RoomMe.id/RoomMe.id FAQ Page/RoomMe FAQ Payment/Text A7' are matched.

2020-05-26 11:11:28 - [MESSAGE][PASSED] - Actual text and expected text of test object 'Object Repository/Web RoomMe.id/RoomMe.id FAQ Page/RoomMe FAQ Payment/Text A7' are matched.

2020-05-26 11:11:28 - [TEST_STEP][NOT_RUN] - callTestCase(findTestCase("Web RoomMe.id/1. Homepage/7. Verify Footer RoomMe.id"), [:], STOP_ON_FAILURE): NOT_RUN: callTestCase(findTestCase("Web RoomMe.id/1. Homepage/7. Verify Footer RoomMe.id"), [:], STOP_ON_FAILURE)

2020-05-26 11:11:28 - [MESSAGE][NOT_RUN] - NOT_RUN: callTestCase(findTestCase("Web RoomMe.id/1. Homepage/7. Verify Footer RoomMe.id"), [:], STOP_ON_FAILURE)]]></system-out>
         <system-err><![CDATA[]]></system-err>
      </testcase>
      <testcase name="Test Cases/Web RoomMe.id/4. Our Terms/Customer Access Terms and Conditions Page" time="59.283" classname="Test Cases/Web RoomMe.id/4. Our Terms/Customer Access Terms and Conditions Page" status="PASSED">
         <system-out><![CDATA[2020-05-26 11:11:28 - [TEST_CASE][PASSED] - Test Cases/Web RoomMe.id/4. Our Terms/Customer Access Terms and Conditions Page: Test Cases/Web RoomMe.id/4. Our Terms/Customer Access Terms and Conditions Page

2020-05-26 11:11:29 - [TEST_STEP][PASSED] - callTestCase(findTestCase("Web RoomMe.id/1. Homepage/1. Customer Access RoomMe Page"), [:], STOP_ON_FAILURE): Call Test Case 'Test Cases/Web RoomMe.id/1. Homepage/1. Customer Access RoomMe Page' successfully

2020-05-26 11:11:29 - [TEST_CASE][PASSED] - Test Cases/Web RoomMe.id/1. Homepage/1. Customer Access RoomMe Page: Test Cases/Web RoomMe.id/1. Homepage/1. Customer Access RoomMe Page

2020-05-26 11:11:29 - [TEST_STEP][PASSED] - openBrowser(url): Browser is opened with url: 'web.roomme.id'

2020-05-26 11:11:29 - [MESSAGE][WARNING] - A browser is already opened. Closing browser and opening a new one

2020-05-26 11:11:29 - [MESSAGE][INFO] - Starting 'Chrome' driver

2020-05-26 11:12:04 - [MESSAGE][PASSED] - Browser is opened with url: 'web.roomme.id'

2020-05-26 11:12:04 - [TEST_STEP][PASSED] - maximizeWindow(): Current window maximized

2020-05-26 11:12:06 - [MESSAGE][PASSED] - Current window maximized

2020-05-26 11:12:06 - [TEST_STEP][PASSED] - waitForPageLoad(0): Wait for page load successfully

2020-05-26 11:12:06 - [MESSAGE][WARNING] - Timeout '0' is invalid. Using default page load timeout: '60'

2020-05-26 11:12:08 - [MESSAGE][PASSED] - Wait for page load successfully

2020-05-26 11:12:08 - [MESSAGE][PASSED] - Call Test Case 'Test Cases/Web RoomMe.id/1. Homepage/1. Customer Access RoomMe Page' successfully

2020-05-26 11:12:08 - [TEST_STEP][PASSED] - click(findTestObject("Web RoomMe.id/RoomMe.id Footer/Button Terms Conditions")): Object: 'Object Repository/Web RoomMe.id/RoomMe.id Footer/Button Terms Conditions' is clicked on

2020-05-26 11:12:12 - [MESSAGE][PASSED] - Object: 'Object Repository/Web RoomMe.id/RoomMe.id Footer/Button Terms Conditions' is clicked on

2020-05-26 11:12:12 - [TEST_STEP][NOT_RUN] - callTestCase(findTestCase("Web RoomMe.id/1. Homepage/2. Verify Header RoomMe.id"), [:], STOP_ON_FAILURE): NOT_RUN: callTestCase(findTestCase("Web RoomMe.id/1. Homepage/2. Verify Header RoomMe.id"), [:], STOP_ON_FAILURE)

2020-05-26 11:12:12 - [MESSAGE][NOT_RUN] - NOT_RUN: callTestCase(findTestCase("Web RoomMe.id/1. Homepage/2. Verify Header RoomMe.id"), [:], STOP_ON_FAILURE)

2020-05-26 11:12:12 - [TEST_STEP][NOT_RUN] - callTestCase(findTestCase("Web RoomMe.id/1. Homepage/7. Verify Footer RoomMe.id"), [:], STOP_ON_FAILURE): NOT_RUN: callTestCase(findTestCase("Web RoomMe.id/1. Homepage/7. Verify Footer RoomMe.id"), [:], STOP_ON_FAILURE)

2020-05-26 11:12:12 - [MESSAGE][NOT_RUN] - NOT_RUN: callTestCase(findTestCase("Web RoomMe.id/1. Homepage/7. Verify Footer RoomMe.id"), [:], STOP_ON_FAILURE)

2020-05-26 11:12:12 - [TEST_STEP][PASSED] - waitForElementVisible(findTestObject("Web RoomMe.id/RoomMe.id FAQ Page/Button FAQs"), 60): Object 'Object Repository/Web RoomMe.id/RoomMe.id FAQ Page/Button FAQs' is visible

2020-05-26 11:12:13 - [MESSAGE][PASSED] - Object 'Object Repository/Web RoomMe.id/RoomMe.id FAQ Page/Button FAQs' is visible

2020-05-26 11:12:13 - [TEST_STEP][PASSED] - waitForElementVisible(findTestObject("Web RoomMe.id/RoomMe.id FAQ Page/Button Terms  Conditions"), 60): Object 'Object Repository/Web RoomMe.id/RoomMe.id FAQ Page/Button Terms  Conditions' is visible

2020-05-26 11:12:14 - [MESSAGE][PASSED] - Object 'Object Repository/Web RoomMe.id/RoomMe.id FAQ Page/Button Terms  Conditions' is visible

2020-05-26 11:12:14 - [TEST_STEP][PASSED] - waitForElementVisible(findTestObject("Web RoomMe.id/RoomMe.id FAQ Page/Button Terms of Use"), 60): Object 'Object Repository/Web RoomMe.id/RoomMe.id FAQ Page/Button Terms of Use' is visible

2020-05-26 11:12:14 - [MESSAGE][PASSED] - Object 'Object Repository/Web RoomMe.id/RoomMe.id FAQ Page/Button Terms of Use' is visible

2020-05-26 11:12:14 - [TEST_STEP][PASSED] - waitForElementVisible(findTestObject("Web RoomMe.id/RoomMe.id FAQ Page/Button Disclaimer"), 60): Object 'Object Repository/Web RoomMe.id/RoomMe.id FAQ Page/Button Disclaimer' is visible

2020-05-26 11:12:14 - [MESSAGE][PASSED] - Object 'Object Repository/Web RoomMe.id/RoomMe.id FAQ Page/Button Disclaimer' is visible

2020-05-26 11:12:14 - [TEST_STEP][PASSED] - waitForElementVisible(findTestObject("Web RoomMe.id/RoomMe.id FAQ Page/Button Privacy Policy"), 60): Object 'Object Repository/Web RoomMe.id/RoomMe.id FAQ Page/Button Privacy Policy' is visible

2020-05-26 11:12:14 - [MESSAGE][PASSED] - Object 'Object Repository/Web RoomMe.id/RoomMe.id FAQ Page/Button Privacy Policy' is visible

2020-05-26 11:12:14 - [TEST_STEP][PASSED] - waitForElementVisible(findTestObject("Web RoomMe.id/Terms and Conditions Page/Image Terms and Conditions"), 60): Object 'Object Repository/Web RoomMe.id/Terms and Conditions Page/Image Terms and Conditions' is visible

2020-05-26 11:12:15 - [MESSAGE][PASSED] - Object 'Object Repository/Web RoomMe.id/Terms and Conditions Page/Image Terms and Conditions' is visible

2020-05-26 11:12:15 - [TEST_STEP][PASSED] - waitForElementVisible(findTestObject("Web RoomMe.id/Terms and Conditions Page/Text Global Content of Terms  Conditions for Web and Apps"), 60): Object 'Object Repository/Web RoomMe.id/Terms and Conditions Page/Text Global Content of Terms  Conditions for Web and Apps' is visible

2020-05-26 11:12:16 - [MESSAGE][PASSED] - Object 'Object Repository/Web RoomMe.id/Terms and Conditions Page/Text Global Content of Terms  Conditions for Web and Apps' is visible

2020-05-26 11:12:16 - [TEST_STEP][PASSED] - waitForElementVisible(findTestObject("Web RoomMe.id/Terms and Conditions Page/Button Q1"), 60): Object 'Object Repository/Web RoomMe.id/Terms and Conditions Page/Button Q1' is visible

2020-05-26 11:12:16 - [MESSAGE][PASSED] - Object 'Object Repository/Web RoomMe.id/Terms and Conditions Page/Button Q1' is visible

2020-05-26 11:12:16 - [TEST_STEP][PASSED] - verifyElementText(findTestObject("Web RoomMe.id/Terms and Conditions Page/Button Q1"), "Welcome to RoomMe"): Actual text and expected text of test object 'Object Repository/Web RoomMe.id/Terms and Conditions Page/Button Q1' are matched.

2020-05-26 11:12:16 - [MESSAGE][PASSED] - Actual text and expected text of test object 'Object Repository/Web RoomMe.id/Terms and Conditions Page/Button Q1' are matched.

2020-05-26 11:12:16 - [TEST_STEP][PASSED] - waitForElementVisible(findTestObject("Web RoomMe.id/Terms and Conditions Page/Text A1"), 60): Object 'Object Repository/Web RoomMe.id/Terms and Conditions Page/Text A1' is visible

2020-05-26 11:12:17 - [MESSAGE][PASSED] - Object 'Object Repository/Web RoomMe.id/Terms and Conditions Page/Text A1' is visible

2020-05-26 11:12:17 - [TEST_STEP][PASSED] - verifyElementText(findTestObject("Web RoomMe.id/Terms and Conditions Page/Text A1"), id Terms and Conditions Text Data").getValue(1, 1)): Actual text and expected text of test object 'Object Repository/Web RoomMe.id/Terms and Conditions Page/Text A1' are matched.

2020-05-26 11:12:17 - [MESSAGE][PASSED] - Actual text and expected text of test object 'Object Repository/Web RoomMe.id/Terms and Conditions Page/Text A1' are matched.

2020-05-26 11:12:17 - [TEST_STEP][PASSED] - waitForElementVisible(findTestObject("Web RoomMe.id/Terms and Conditions Page/Button Q2"), 60): Object 'Object Repository/Web RoomMe.id/Terms and Conditions Page/Button Q2' is visible

2020-05-26 11:12:17 - [MESSAGE][PASSED] - Object 'Object Repository/Web RoomMe.id/Terms and Conditions Page/Button Q2' is visible

2020-05-26 11:12:17 - [TEST_STEP][PASSED] - verifyElementText(findTestObject("Web RoomMe.id/Terms and Conditions Page/Button Q2"), "Copyright"): Actual text and expected text of test object 'Object Repository/Web RoomMe.id/Terms and Conditions Page/Button Q2' are matched.

2020-05-26 11:12:18 - [MESSAGE][PASSED] - Actual text and expected text of test object 'Object Repository/Web RoomMe.id/Terms and Conditions Page/Button Q2' are matched.

2020-05-26 11:12:18 - [TEST_STEP][PASSED] - click(findTestObject("Web RoomMe.id/Terms and Conditions Page/Button Q2")): Object: 'Object Repository/Web RoomMe.id/Terms and Conditions Page/Button Q2' is clicked on

2020-05-26 11:12:18 - [MESSAGE][PASSED] - Object: 'Object Repository/Web RoomMe.id/Terms and Conditions Page/Button Q2' is clicked on

2020-05-26 11:12:18 - [TEST_STEP][PASSED] - waitForElementVisible(findTestObject("Web RoomMe.id/Terms and Conditions Page/Text A2"), 60): Object 'Object Repository/Web RoomMe.id/Terms and Conditions Page/Text A2' is visible

2020-05-26 11:12:18 - [MESSAGE][PASSED] - Object 'Object Repository/Web RoomMe.id/Terms and Conditions Page/Text A2' is visible

2020-05-26 11:12:18 - [TEST_STEP][PASSED] - verifyElementText(findTestObject("Web RoomMe.id/Terms and Conditions Page/Text A2"), id Terms and Conditions Text Data").getValue(1, 2)): Actual text and expected text of test object 'Object Repository/Web RoomMe.id/Terms and Conditions Page/Text A2' are matched.

2020-05-26 11:12:19 - [MESSAGE][PASSED] - Actual text and expected text of test object 'Object Repository/Web RoomMe.id/Terms and Conditions Page/Text A2' are matched.

2020-05-26 11:12:19 - [TEST_STEP][PASSED] - waitForElementVisible(findTestObject("Web RoomMe.id/Terms and Conditions Page/Button Q3"), 60): Object 'Object Repository/Web RoomMe.id/Terms and Conditions Page/Button Q3' is visible

2020-05-26 11:12:19 - [MESSAGE][PASSED] - Object 'Object Repository/Web RoomMe.id/Terms and Conditions Page/Button Q3' is visible

2020-05-26 11:12:19 - [TEST_STEP][PASSED] - verifyElementText(findTestObject("Web RoomMe.id/Terms and Conditions Page/Button Q3"), "Cookies"): Actual text and expected text of test object 'Object Repository/Web RoomMe.id/Terms and Conditions Page/Button Q3' are matched.

2020-05-26 11:12:19 - [MESSAGE][PASSED] - Actual text and expected text of test object 'Object Repository/Web RoomMe.id/Terms and Conditions Page/Button Q3' are matched.

2020-05-26 11:12:19 - [TEST_STEP][PASSED] - click(findTestObject("Web RoomMe.id/Terms and Conditions Page/Button Q3")): Object: 'Object Repository/Web RoomMe.id/Terms and Conditions Page/Button Q3' is clicked on

2020-05-26 11:12:20 - [MESSAGE][PASSED] - Object: 'Object Repository/Web RoomMe.id/Terms and Conditions Page/Button Q3' is clicked on

2020-05-26 11:12:20 - [TEST_STEP][PASSED] - waitForElementVisible(findTestObject("Web RoomMe.id/Terms and Conditions Page/Text A3"), 60): Object 'Object Repository/Web RoomMe.id/Terms and Conditions Page/Text A3' is visible

2020-05-26 11:12:20 - [MESSAGE][PASSED] - Object 'Object Repository/Web RoomMe.id/Terms and Conditions Page/Text A3' is visible

2020-05-26 11:12:20 - [TEST_STEP][PASSED] - verifyElementText(findTestObject("Web RoomMe.id/Terms and Conditions Page/Text A3"), id Terms and Conditions Text Data").getValue(1, 3)): Actual text and expected text of test object 'Object Repository/Web RoomMe.id/Terms and Conditions Page/Text A3' are matched.

2020-05-26 11:12:21 - [MESSAGE][PASSED] - Actual text and expected text of test object 'Object Repository/Web RoomMe.id/Terms and Conditions Page/Text A3' are matched.

2020-05-26 11:12:21 - [TEST_STEP][PASSED] - waitForElementVisible(findTestObject("Web RoomMe.id/Terms and Conditions Page/Button Q4"), 60): Object 'Object Repository/Web RoomMe.id/Terms and Conditions Page/Button Q4' is visible

2020-05-26 11:12:21 - [MESSAGE][PASSED] - Object 'Object Repository/Web RoomMe.id/Terms and Conditions Page/Button Q4' is visible

2020-05-26 11:12:21 - [TEST_STEP][PASSED] - verifyElementText(findTestObject("Web RoomMe.id/Terms and Conditions Page/Button Q4"), "License and Site Access"): Actual text and expected text of test object 'Object Repository/Web RoomMe.id/Terms and Conditions Page/Button Q4' are matched.

2020-05-26 11:12:21 - [MESSAGE][PASSED] - Actual text and expected text of test object 'Object Repository/Web RoomMe.id/Terms and Conditions Page/Button Q4' are matched.

2020-05-26 11:12:21 - [TEST_STEP][PASSED] - click(findTestObject("Web RoomMe.id/Terms and Conditions Page/Button Q4")): Object: 'Object Repository/Web RoomMe.id/Terms and Conditions Page/Button Q4' is clicked on

2020-05-26 11:12:21 - [MESSAGE][PASSED] - Object: 'Object Repository/Web RoomMe.id/Terms and Conditions Page/Button Q4' is clicked on

2020-05-26 11:12:21 - [TEST_STEP][PASSED] - waitForElementVisible(findTestObject("Web RoomMe.id/Terms and Conditions Page/Text A4"), 60): Object 'Object Repository/Web RoomMe.id/Terms and Conditions Page/Text A4' is visible

2020-05-26 11:12:22 - [MESSAGE][PASSED] - Object 'Object Repository/Web RoomMe.id/Terms and Conditions Page/Text A4' is visible

2020-05-26 11:12:22 - [TEST_STEP][PASSED] - verifyElementText(findTestObject("Web RoomMe.id/Terms and Conditions Page/Text A4"), id Terms and Conditions Text Data").getValue(1, 4)): Actual text and expected text of test object 'Object Repository/Web RoomMe.id/Terms and Conditions Page/Text A4' are matched.

2020-05-26 11:12:22 - [MESSAGE][PASSED] - Actual text and expected text of test object 'Object Repository/Web RoomMe.id/Terms and Conditions Page/Text A4' are matched.

2020-05-26 11:12:22 - [TEST_STEP][PASSED] - waitForElementVisible(findTestObject("Web RoomMe.id/Terms and Conditions Page/Button Q5"), 60): Object 'Object Repository/Web RoomMe.id/Terms and Conditions Page/Button Q5' is visible

2020-05-26 11:12:23 - [MESSAGE][PASSED] - Object 'Object Repository/Web RoomMe.id/Terms and Conditions Page/Button Q5' is visible

2020-05-26 11:12:23 - [TEST_STEP][PASSED] - verifyElementText(findTestObject("Web RoomMe.id/Terms and Conditions Page/Button Q5"), "Comments, Reviews, and Emails"): Actual text and expected text of test object 'Object Repository/Web RoomMe.id/Terms and Conditions Page/Button Q5' are matched.

2020-05-26 11:12:23 - [MESSAGE][PASSED] - Actual text and expected text of test object 'Object Repository/Web RoomMe.id/Terms and Conditions Page/Button Q5' are matched.

2020-05-26 11:12:23 - [TEST_STEP][PASSED] - click(findTestObject("Web RoomMe.id/Terms and Conditions Page/Button Q5")): Object: 'Object Repository/Web RoomMe.id/Terms and Conditions Page/Button Q5' is clicked on

2020-05-26 11:12:23 - [MESSAGE][PASSED] - Object: 'Object Repository/Web RoomMe.id/Terms and Conditions Page/Button Q5' is clicked on

2020-05-26 11:12:23 - [TEST_STEP][PASSED] - waitForElementVisible(findTestObject("Web RoomMe.id/Terms and Conditions Page/Text A5"), 60): Object 'Object Repository/Web RoomMe.id/Terms and Conditions Page/Text A5' is visible

2020-05-26 11:12:24 - [MESSAGE][PASSED] - Object 'Object Repository/Web RoomMe.id/Terms and Conditions Page/Text A5' is visible

2020-05-26 11:12:24 - [TEST_STEP][PASSED] - verifyElementText(findTestObject("Web RoomMe.id/Terms and Conditions Page/Text A5"), id Terms and Conditions Text Data").getValue(1, 5)): Actual text and expected text of test object 'Object Repository/Web RoomMe.id/Terms and Conditions Page/Text A5' are matched.

2020-05-26 11:12:24 - [MESSAGE][PASSED] - Actual text and expected text of test object 'Object Repository/Web RoomMe.id/Terms and Conditions Page/Text A5' are matched.

2020-05-26 11:12:24 - [TEST_STEP][PASSED] - waitForElementVisible(findTestObject("Web RoomMe.id/Terms and Conditions Page/Button Q6"), 60): Object 'Object Repository/Web RoomMe.id/Terms and Conditions Page/Button Q6' is visible

2020-05-26 11:12:24 - [MESSAGE][PASSED] - Object 'Object Repository/Web RoomMe.id/Terms and Conditions Page/Button Q6' is visible

2020-05-26 11:12:24 - [TEST_STEP][PASSED] - verifyElementText(findTestObject("Web RoomMe.id/Terms and Conditions Page/Button Q6"), "Content Liability"): Actual text and expected text of test object 'Object Repository/Web RoomMe.id/Terms and Conditions Page/Button Q6' are matched.

2020-05-26 11:12:25 - [MESSAGE][PASSED] - Actual text and expected text of test object 'Object Repository/Web RoomMe.id/Terms and Conditions Page/Button Q6' are matched.

2020-05-26 11:12:25 - [TEST_STEP][PASSED] - click(findTestObject("Web RoomMe.id/Terms and Conditions Page/Button Q6")): Object: 'Object Repository/Web RoomMe.id/Terms and Conditions Page/Button Q6' is clicked on

2020-05-26 11:12:25 - [MESSAGE][PASSED] - Object: 'Object Repository/Web RoomMe.id/Terms and Conditions Page/Button Q6' is clicked on

2020-05-26 11:12:25 - [TEST_STEP][PASSED] - waitForElementVisible(findTestObject("Web RoomMe.id/Terms and Conditions Page/Text A6"), 60): Object 'Object Repository/Web RoomMe.id/Terms and Conditions Page/Text A6' is visible

2020-05-26 11:12:25 - [MESSAGE][PASSED] - Object 'Object Repository/Web RoomMe.id/Terms and Conditions Page/Text A6' is visible

2020-05-26 11:12:25 - [TEST_STEP][PASSED] - verifyElementText(findTestObject("Web RoomMe.id/Terms and Conditions Page/Text A6"), id Terms and Conditions Text Data").getValue(1, 6)): Actual text and expected text of test object 'Object Repository/Web RoomMe.id/Terms and Conditions Page/Text A6' are matched.

2020-05-26 11:12:26 - [MESSAGE][PASSED] - Actual text and expected text of test object 'Object Repository/Web RoomMe.id/Terms and Conditions Page/Text A6' are matched.

2020-05-26 11:12:26 - [TEST_STEP][PASSED] - waitForElementVisible(findTestObject("Web RoomMe.id/Terms and Conditions Page/Button Q7"), 60): Object 'Object Repository/Web RoomMe.id/Terms and Conditions Page/Button Q7' is visible

2020-05-26 11:12:26 - [MESSAGE][PASSED] - Object 'Object Repository/Web RoomMe.id/Terms and Conditions Page/Button Q7' is visible

2020-05-26 11:12:26 - [TEST_STEP][PASSED] - verifyElementText(findTestObject("Web RoomMe.id/Terms and Conditions Page/Button Q7"), "User Account"): Actual text and expected text of test object 'Object Repository/Web RoomMe.id/Terms and Conditions Page/Button Q7' are matched.

2020-05-26 11:12:27 - [MESSAGE][PASSED] - Actual text and expected text of test object 'Object Repository/Web RoomMe.id/Terms and Conditions Page/Button Q7' are matched.

2020-05-26 11:12:27 - [TEST_STEP][PASSED] - click(findTestObject("Web RoomMe.id/Terms and Conditions Page/Button Q7")): Object: 'Object Repository/Web RoomMe.id/Terms and Conditions Page/Button Q7' is clicked on

2020-05-26 11:12:27 - [MESSAGE][PASSED] - Object: 'Object Repository/Web RoomMe.id/Terms and Conditions Page/Button Q7' is clicked on

2020-05-26 11:12:27 - [TEST_STEP][PASSED] - waitForElementVisible(findTestObject("Web RoomMe.id/Terms and Conditions Page/Text A7"), 60): Object 'Object Repository/Web RoomMe.id/Terms and Conditions Page/Text A7' is visible

2020-05-26 11:12:27 - [MESSAGE][PASSED] - Object 'Object Repository/Web RoomMe.id/Terms and Conditions Page/Text A7' is visible

2020-05-26 11:12:27 - [TEST_STEP][PASSED] - verifyElementText(findTestObject("Web RoomMe.id/Terms and Conditions Page/Text A7"), id Terms and Conditions Text Data").getValue(1, 7)): Actual text and expected text of test object 'Object Repository/Web RoomMe.id/Terms and Conditions Page/Text A7' are matched.

2020-05-26 11:12:28 - [MESSAGE][PASSED] - Actual text and expected text of test object 'Object Repository/Web RoomMe.id/Terms and Conditions Page/Text A7' are matched.]]></system-out>
         <system-err><![CDATA[]]></system-err>
      </testcase>
      <testcase name="Test Cases/Web RoomMe.id/4. Our Terms/Customer Access Terms of Use Page" time="26.807" classname="Test Cases/Web RoomMe.id/4. Our Terms/Customer Access Terms of Use Page" status="PASSED">
         <system-out><![CDATA[2020-05-26 11:12:28 - [TEST_CASE][PASSED] - Test Cases/Web RoomMe.id/4. Our Terms/Customer Access Terms of Use Page: Test Cases/Web RoomMe.id/4. Our Terms/Customer Access Terms of Use Page

2020-05-26 11:12:28 - [TEST_STEP][PASSED] - callTestCase(findTestCase("Web RoomMe.id/1. Homepage/1. Customer Access RoomMe Page"), [:], STOP_ON_FAILURE): Call Test Case 'Test Cases/Web RoomMe.id/1. Homepage/1. Customer Access RoomMe Page' successfully

2020-05-26 11:12:28 - [TEST_CASE][PASSED] - Test Cases/Web RoomMe.id/1. Homepage/1. Customer Access RoomMe Page: Test Cases/Web RoomMe.id/1. Homepage/1. Customer Access RoomMe Page

2020-05-26 11:12:28 - [TEST_STEP][PASSED] - openBrowser(url): Browser is opened with url: 'web.roomme.id'

2020-05-26 11:12:28 - [MESSAGE][WARNING] - A browser is already opened. Closing browser and opening a new one

2020-05-26 11:12:29 - [MESSAGE][INFO] - Starting 'Chrome' driver

2020-05-26 11:12:34 - [MESSAGE][PASSED] - Browser is opened with url: 'web.roomme.id'

2020-05-26 11:12:34 - [TEST_STEP][PASSED] - maximizeWindow(): Current window maximized

2020-05-26 11:12:37 - [MESSAGE][PASSED] - Current window maximized

2020-05-26 11:12:37 - [TEST_STEP][PASSED] - waitForPageLoad(0): Wait for page load successfully

2020-05-26 11:12:37 - [MESSAGE][WARNING] - Timeout '0' is invalid. Using default page load timeout: '60'

2020-05-26 11:12:37 - [MESSAGE][PASSED] - Wait for page load successfully

2020-05-26 11:12:37 - [MESSAGE][PASSED] - Call Test Case 'Test Cases/Web RoomMe.id/1. Homepage/1. Customer Access RoomMe Page' successfully

2020-05-26 11:12:37 - [TEST_STEP][PASSED] - click(findTestObject("Web RoomMe.id/RoomMe.id Footer/Button Terms of Use")): Object: 'Object Repository/Web RoomMe.id/RoomMe.id Footer/Button Terms of Use' is clicked on

2020-05-26 11:12:38 - [MESSAGE][PASSED] - Object: 'Object Repository/Web RoomMe.id/RoomMe.id Footer/Button Terms of Use' is clicked on

2020-05-26 11:12:38 - [TEST_STEP][NOT_RUN] - callTestCase(findTestCase("Web RoomMe.id/1. Homepage/2. Verify Header RoomMe.id"), [:], STOP_ON_FAILURE): NOT_RUN: callTestCase(findTestCase("Web RoomMe.id/1. Homepage/2. Verify Header RoomMe.id"), [:], STOP_ON_FAILURE)

2020-05-26 11:12:38 - [MESSAGE][NOT_RUN] - NOT_RUN: callTestCase(findTestCase("Web RoomMe.id/1. Homepage/2. Verify Header RoomMe.id"), [:], STOP_ON_FAILURE)

2020-05-26 11:12:38 - [TEST_STEP][NOT_RUN] - callTestCase(findTestCase("Web RoomMe.id/1. Homepage/7. Verify Footer RoomMe.id"), [:], STOP_ON_FAILURE): NOT_RUN: callTestCase(findTestCase("Web RoomMe.id/1. Homepage/7. Verify Footer RoomMe.id"), [:], STOP_ON_FAILURE)

2020-05-26 11:12:38 - [MESSAGE][NOT_RUN] - NOT_RUN: callTestCase(findTestCase("Web RoomMe.id/1. Homepage/7. Verify Footer RoomMe.id"), [:], STOP_ON_FAILURE)

2020-05-26 11:12:38 - [TEST_STEP][PASSED] - waitForElementVisible(findTestObject("Web RoomMe.id/RoomMe.id FAQ Page/Button FAQs"), 60): Object 'Object Repository/Web RoomMe.id/RoomMe.id FAQ Page/Button FAQs' is visible

2020-05-26 11:12:39 - [MESSAGE][PASSED] - Object 'Object Repository/Web RoomMe.id/RoomMe.id FAQ Page/Button FAQs' is visible

2020-05-26 11:12:39 - [TEST_STEP][PASSED] - waitForElementVisible(findTestObject("Web RoomMe.id/RoomMe.id FAQ Page/Button Terms  Conditions"), 60): Object 'Object Repository/Web RoomMe.id/RoomMe.id FAQ Page/Button Terms  Conditions' is visible

2020-05-26 11:12:40 - [MESSAGE][PASSED] - Object 'Object Repository/Web RoomMe.id/RoomMe.id FAQ Page/Button Terms  Conditions' is visible

2020-05-26 11:12:40 - [TEST_STEP][PASSED] - waitForElementVisible(findTestObject("Web RoomMe.id/RoomMe.id FAQ Page/Button Terms of Use"), 60): Object 'Object Repository/Web RoomMe.id/RoomMe.id FAQ Page/Button Terms of Use' is visible

2020-05-26 11:12:40 - [MESSAGE][PASSED] - Object 'Object Repository/Web RoomMe.id/RoomMe.id FAQ Page/Button Terms of Use' is visible

2020-05-26 11:12:40 - [TEST_STEP][PASSED] - waitForElementVisible(findTestObject("Web RoomMe.id/RoomMe.id FAQ Page/Button Disclaimer"), 60): Object 'Object Repository/Web RoomMe.id/RoomMe.id FAQ Page/Button Disclaimer' is visible

2020-05-26 11:12:40 - [MESSAGE][PASSED] - Object 'Object Repository/Web RoomMe.id/RoomMe.id FAQ Page/Button Disclaimer' is visible

2020-05-26 11:12:40 - [TEST_STEP][PASSED] - waitForElementVisible(findTestObject("Web RoomMe.id/RoomMe.id FAQ Page/Button Privacy Policy"), 60): Object 'Object Repository/Web RoomMe.id/RoomMe.id FAQ Page/Button Privacy Policy' is visible

2020-05-26 11:12:41 - [MESSAGE][PASSED] - Object 'Object Repository/Web RoomMe.id/RoomMe.id FAQ Page/Button Privacy Policy' is visible

2020-05-26 11:12:41 - [TEST_STEP][PASSED] - waitForElementVisible(findTestObject("Web RoomMe.id/Terms of Use Page/Image Terms of Use"), 60): Object 'Object Repository/Web RoomMe.id/Terms of Use Page/Image Terms of Use' is visible

2020-05-26 11:12:41 - [MESSAGE][PASSED] - Object 'Object Repository/Web RoomMe.id/Terms of Use Page/Image Terms of Use' is visible

2020-05-26 11:12:41 - [TEST_STEP][PASSED] - waitForElementVisible(findTestObject("Web RoomMe.id/Terms of Use Page/Text Global Content of Terms of Use for Web Apps"), 60): Object 'Object Repository/Web RoomMe.id/Terms of Use Page/Text Global Content of Terms of Use for Web Apps' is visible

2020-05-26 11:12:42 - [MESSAGE][PASSED] - Object 'Object Repository/Web RoomMe.id/Terms of Use Page/Text Global Content of Terms of Use for Web Apps' is visible

2020-05-26 11:12:42 - [TEST_STEP][PASSED] - waitForElementVisible(findTestObject("Web RoomMe.id/Terms of Use Page/Text Terms of Use Content"), 60): Object 'Object Repository/Web RoomMe.id/Terms of Use Page/Text Terms of Use Content' is visible

2020-05-26 11:12:42 - [MESSAGE][PASSED] - Object 'Object Repository/Web RoomMe.id/Terms of Use Page/Text Terms of Use Content' is visible

2020-05-26 11:12:42 - [TEST_STEP][PASSED] - verifyElementText(findTestObject("Web RoomMe.id/Terms of Use Page/Text Terms of Use Content"), id Terms of Use Text Data").getValue(1, 1)): Actual text and expected text of test object 'Object Repository/Web RoomMe.id/Terms of Use Page/Text Terms of Use Content' are matched.

2020-05-26 11:12:42 - [MESSAGE][PASSED] - Actual text and expected text of test object 'Object Repository/Web RoomMe.id/Terms of Use Page/Text Terms of Use Content' are matched.

2020-05-26 11:12:42 - [TEST_STEP][PASSED] - waitForElementVisible(findTestObject("Web RoomMe.id/Terms of Use Page/Button Q1"), 60): Object 'Object Repository/Web RoomMe.id/Terms of Use Page/Button Q1' is visible

2020-05-26 11:12:42 - [MESSAGE][PASSED] - Object 'Object Repository/Web RoomMe.id/Terms of Use Page/Button Q1' is visible

2020-05-26 11:12:42 - [TEST_STEP][PASSED] - verifyElementText(findTestObject("Web RoomMe.id/Terms of Use Page/Button Q1"), "Bookings"): Actual text and expected text of test object 'Object Repository/Web RoomMe.id/Terms of Use Page/Button Q1' are matched.

2020-05-26 11:12:43 - [MESSAGE][PASSED] - Actual text and expected text of test object 'Object Repository/Web RoomMe.id/Terms of Use Page/Button Q1' are matched.

2020-05-26 11:12:43 - [TEST_STEP][PASSED] - waitForElementVisible(findTestObject("Web RoomMe.id/Terms of Use Page/Text A1"), 60): Object 'Object Repository/Web RoomMe.id/Terms of Use Page/Text A1' is visible

2020-05-26 11:12:43 - [MESSAGE][PASSED] - Object 'Object Repository/Web RoomMe.id/Terms of Use Page/Text A1' is visible

2020-05-26 11:12:43 - [TEST_STEP][PASSED] - verifyElementText(findTestObject("Web RoomMe.id/Terms of Use Page/Text A1"), id Terms of Use Text Data").getValue(1, 2)): Actual text and expected text of test object 'Object Repository/Web RoomMe.id/Terms of Use Page/Text A1' are matched.

2020-05-26 11:12:43 - [MESSAGE][PASSED] - Actual text and expected text of test object 'Object Repository/Web RoomMe.id/Terms of Use Page/Text A1' are matched.

2020-05-26 11:12:43 - [TEST_STEP][PASSED] - waitForElementVisible(findTestObject("Web RoomMe.id/Terms of Use Page/Button Q2"), 60): Object 'Object Repository/Web RoomMe.id/Terms of Use Page/Button Q2' is visible

2020-05-26 11:12:44 - [MESSAGE][PASSED] - Object 'Object Repository/Web RoomMe.id/Terms of Use Page/Button Q2' is visible

2020-05-26 11:12:44 - [TEST_STEP][PASSED] - verifyElementText(findTestObject("Web RoomMe.id/Terms of Use Page/Button Q2"), "Fees and Payments"): Actual text and expected text of test object 'Object Repository/Web RoomMe.id/Terms of Use Page/Button Q2' are matched.

2020-05-26 11:12:44 - [MESSAGE][PASSED] - Actual text and expected text of test object 'Object Repository/Web RoomMe.id/Terms of Use Page/Button Q2' are matched.

2020-05-26 11:12:44 - [TEST_STEP][PASSED] - click(findTestObject("Web RoomMe.id/Terms of Use Page/Button Q2")): Object: 'Object Repository/Web RoomMe.id/Terms of Use Page/Button Q2' is clicked on

2020-05-26 11:12:45 - [MESSAGE][PASSED] - Object: 'Object Repository/Web RoomMe.id/Terms of Use Page/Button Q2' is clicked on

2020-05-26 11:12:45 - [TEST_STEP][PASSED] - waitForElementVisible(findTestObject("Web RoomMe.id/Terms of Use Page/Text A2"), 60): Object 'Object Repository/Web RoomMe.id/Terms of Use Page/Text A2' is visible

2020-05-26 11:12:45 - [MESSAGE][PASSED] - Object 'Object Repository/Web RoomMe.id/Terms of Use Page/Text A2' is visible

2020-05-26 11:12:45 - [TEST_STEP][PASSED] - verifyElementText(findTestObject("Web RoomMe.id/Terms of Use Page/Text A2"), id Terms of Use Text Data").getValue(1, 3)): Actual text and expected text of test object 'Object Repository/Web RoomMe.id/Terms of Use Page/Text A2' are matched.

2020-05-26 11:12:45 - [MESSAGE][PASSED] - Actual text and expected text of test object 'Object Repository/Web RoomMe.id/Terms of Use Page/Text A2' are matched.

2020-05-26 11:12:45 - [TEST_STEP][PASSED] - waitForElementVisible(findTestObject("Web RoomMe.id/Terms of Use Page/Button Q3"), 60): Object 'Object Repository/Web RoomMe.id/Terms of Use Page/Button Q3' is visible

2020-05-26 11:12:46 - [MESSAGE][PASSED] - Object 'Object Repository/Web RoomMe.id/Terms of Use Page/Button Q3' is visible

2020-05-26 11:12:46 - [TEST_STEP][PASSED] - verifyElementText(findTestObject("Web RoomMe.id/Terms of Use Page/Button Q3"), "Termination"): Actual text and expected text of test object 'Object Repository/Web RoomMe.id/Terms of Use Page/Button Q3' are matched.

2020-05-26 11:12:46 - [MESSAGE][PASSED] - Actual text and expected text of test object 'Object Repository/Web RoomMe.id/Terms of Use Page/Button Q3' are matched.

2020-05-26 11:12:46 - [TEST_STEP][PASSED] - click(findTestObject("Web RoomMe.id/Terms of Use Page/Button Q3")): Object: 'Object Repository/Web RoomMe.id/Terms of Use Page/Button Q3' is clicked on

2020-05-26 11:12:46 - [MESSAGE][PASSED] - Object: 'Object Repository/Web RoomMe.id/Terms of Use Page/Button Q3' is clicked on

2020-05-26 11:12:46 - [TEST_STEP][PASSED] - waitForElementVisible(findTestObject("Web RoomMe.id/Terms of Use Page/Text A3"), 60): Object 'Object Repository/Web RoomMe.id/Terms of Use Page/Text A3' is visible

2020-05-26 11:12:47 - [MESSAGE][PASSED] - Object 'Object Repository/Web RoomMe.id/Terms of Use Page/Text A3' is visible

2020-05-26 11:12:47 - [TEST_STEP][PASSED] - verifyElementText(findTestObject("Web RoomMe.id/Terms of Use Page/Text A3"), id Terms of Use Text Data").getValue(1, 4)): Actual text and expected text of test object 'Object Repository/Web RoomMe.id/Terms of Use Page/Text A3' are matched.

2020-05-26 11:12:47 - [MESSAGE][PASSED] - Actual text and expected text of test object 'Object Repository/Web RoomMe.id/Terms of Use Page/Text A3' are matched.

2020-05-26 11:12:47 - [TEST_STEP][PASSED] - waitForElementVisible(findTestObject("Web RoomMe.id/Terms of Use Page/Button Q4"), 60): Object 'Object Repository/Web RoomMe.id/Terms of Use Page/Button Q4' is visible

2020-05-26 11:12:48 - [MESSAGE][PASSED] - Object 'Object Repository/Web RoomMe.id/Terms of Use Page/Button Q4' is visible

2020-05-26 11:12:48 - [TEST_STEP][PASSED] - verifyElementText(findTestObject("Web RoomMe.id/Terms of Use Page/Button Q4"), "Content"): Actual text and expected text of test object 'Object Repository/Web RoomMe.id/Terms of Use Page/Button Q4' are matched.

2020-05-26 11:12:48 - [MESSAGE][PASSED] - Actual text and expected text of test object 'Object Repository/Web RoomMe.id/Terms of Use Page/Button Q4' are matched.

2020-05-26 11:12:48 - [TEST_STEP][PASSED] - click(findTestObject("Web RoomMe.id/Terms of Use Page/Button Q4")): Object: 'Object Repository/Web RoomMe.id/Terms of Use Page/Button Q4' is clicked on

2020-05-26 11:12:48 - [MESSAGE][PASSED] - Object: 'Object Repository/Web RoomMe.id/Terms of Use Page/Button Q4' is clicked on

2020-05-26 11:12:48 - [TEST_STEP][PASSED] - waitForElementVisible(findTestObject("Web RoomMe.id/Terms of Use Page/Text A4"), 60): Object 'Object Repository/Web RoomMe.id/Terms of Use Page/Text A4' is visible

2020-05-26 11:12:49 - [MESSAGE][PASSED] - Object 'Object Repository/Web RoomMe.id/Terms of Use Page/Text A4' is visible

2020-05-26 11:12:49 - [TEST_STEP][PASSED] - verifyElementText(findTestObject("Web RoomMe.id/Terms of Use Page/Text A4"), id Terms of Use Text Data").getValue(1, 5)): Actual text and expected text of test object 'Object Repository/Web RoomMe.id/Terms of Use Page/Text A4' are matched.

2020-05-26 11:12:49 - [MESSAGE][PASSED] - Actual text and expected text of test object 'Object Repository/Web RoomMe.id/Terms of Use Page/Text A4' are matched.

2020-05-26 11:12:49 - [TEST_STEP][PASSED] - waitForElementVisible(findTestObject("Web RoomMe.id/Terms of Use Page/Button Q5"), 60): Object 'Object Repository/Web RoomMe.id/Terms of Use Page/Button Q5' is visible

2020-05-26 11:12:49 - [MESSAGE][PASSED] - Object 'Object Repository/Web RoomMe.id/Terms of Use Page/Button Q5' is visible

2020-05-26 11:12:49 - [TEST_STEP][PASSED] - verifyElementText(findTestObject("Web RoomMe.id/Terms of Use Page/Button Q5"), "Links To Other Websites"): Actual text and expected text of test object 'Object Repository/Web RoomMe.id/Terms of Use Page/Button Q5' are matched.

2020-05-26 11:12:50 - [MESSAGE][PASSED] - Actual text and expected text of test object 'Object Repository/Web RoomMe.id/Terms of Use Page/Button Q5' are matched.

2020-05-26 11:12:50 - [TEST_STEP][PASSED] - click(findTestObject("Web RoomMe.id/Terms of Use Page/Button Q5")): Object: 'Object Repository/Web RoomMe.id/Terms of Use Page/Button Q5' is clicked on

2020-05-26 11:12:50 - [MESSAGE][PASSED] - Object: 'Object Repository/Web RoomMe.id/Terms of Use Page/Button Q5' is clicked on

2020-05-26 11:12:50 - [TEST_STEP][PASSED] - waitForElementVisible(findTestObject("Web RoomMe.id/Terms of Use Page/Text A5"), 60): Object 'Object Repository/Web RoomMe.id/Terms of Use Page/Text A5' is visible

2020-05-26 11:12:50 - [MESSAGE][PASSED] - Object 'Object Repository/Web RoomMe.id/Terms of Use Page/Text A5' is visible

2020-05-26 11:12:50 - [TEST_STEP][PASSED] - verifyElementText(findTestObject("Web RoomMe.id/Terms of Use Page/Text A5"), id Terms of Use Text Data").getValue(1, 6)): Actual text and expected text of test object 'Object Repository/Web RoomMe.id/Terms of Use Page/Text A5' are matched.

2020-05-26 11:12:51 - [MESSAGE][PASSED] - Actual text and expected text of test object 'Object Repository/Web RoomMe.id/Terms of Use Page/Text A5' are matched.

2020-05-26 11:12:51 - [TEST_STEP][PASSED] - waitForElementVisible(findTestObject("Web RoomMe.id/Terms of Use Page/Button Q6"), 60): Object 'Object Repository/Web RoomMe.id/Terms of Use Page/Button Q6' is visible

2020-05-26 11:12:51 - [MESSAGE][PASSED] - Object 'Object Repository/Web RoomMe.id/Terms of Use Page/Button Q6' is visible

2020-05-26 11:12:51 - [TEST_STEP][PASSED] - verifyElementText(findTestObject("Web RoomMe.id/Terms of Use Page/Button Q6"), "Change to Terms"): Actual text and expected text of test object 'Object Repository/Web RoomMe.id/Terms of Use Page/Button Q6' are matched.

2020-05-26 11:12:52 - [MESSAGE][PASSED] - Actual text and expected text of test object 'Object Repository/Web RoomMe.id/Terms of Use Page/Button Q6' are matched.

2020-05-26 11:12:52 - [TEST_STEP][PASSED] - click(findTestObject("Web RoomMe.id/Terms of Use Page/Button Q6")): Object: 'Object Repository/Web RoomMe.id/Terms of Use Page/Button Q6' is clicked on

2020-05-26 11:12:52 - [MESSAGE][PASSED] - Object: 'Object Repository/Web RoomMe.id/Terms of Use Page/Button Q6' is clicked on

2020-05-26 11:12:52 - [TEST_STEP][PASSED] - waitForElementVisible(findTestObject("Web RoomMe.id/Terms of Use Page/Text A6"), 60): Object 'Object Repository/Web RoomMe.id/Terms of Use Page/Text A6' is visible

2020-05-26 11:12:52 - [MESSAGE][PASSED] - Object 'Object Repository/Web RoomMe.id/Terms of Use Page/Text A6' is visible

2020-05-26 11:12:52 - [TEST_STEP][PASSED] - verifyElementText(findTestObject("Web RoomMe.id/Terms of Use Page/Text A6"), id Terms of Use Text Data").getValue(1, 7)): Actual text and expected text of test object 'Object Repository/Web RoomMe.id/Terms of Use Page/Text A6' are matched.

2020-05-26 11:12:53 - [MESSAGE][PASSED] - Actual text and expected text of test object 'Object Repository/Web RoomMe.id/Terms of Use Page/Text A6' are matched.

2020-05-26 11:12:53 - [TEST_STEP][PASSED] - waitForElementVisible(findTestObject("Web RoomMe.id/Terms of Use Page/Button Q7"), 60): Object 'Object Repository/Web RoomMe.id/Terms of Use Page/Button Q7' is visible

2020-05-26 11:12:53 - [MESSAGE][PASSED] - Object 'Object Repository/Web RoomMe.id/Terms of Use Page/Button Q7' is visible

2020-05-26 11:12:53 - [TEST_STEP][PASSED] - verifyElementText(findTestObject("Web RoomMe.id/Terms of Use Page/Button Q7"), "Contact Us"): Actual text and expected text of test object 'Object Repository/Web RoomMe.id/Terms of Use Page/Button Q7' are matched.

[...]

2020-05-26 11:13:35 - [TEST_STEP][PASSED] - click(findTestObject("Web RoomMe.id/Privacy Policy Page/Button Q4")): Object: 'Object Repository/Web RoomMe.id/Privacy Policy Page/Button Q4' is clicked on

2020-05-26 11:13:35 - [MESSAGE][PASSED] - Object: 'Object Repository/Web RoomMe.id/Privacy Policy Page/Button Q4' is clicked on

2020-05-26 11:13:35 - [TEST_STEP][PASSED] - waitForElementVisible(findTestObject("Web RoomMe.id/Privacy Policy Page/Text A4"), 0): Object 'Object Repository/Web RoomMe.id/Privacy Policy Page/Text A4' is visible

2020-05-26 11:13:36 - [MESSAGE][WARNING] - Timeout '0' is invalid. Using default page load timeout: '60'

2020-05-26 11:13:36 - [MESSAGE][PASSED] - Object 'Object Repository/Web RoomMe.id/Privacy Policy Page/Text A4' is visible

2020-05-26 11:13:36 - [TEST_STEP][PASSED] - verifyElementText(findTestObject("Web RoomMe.id/Privacy Policy Page/Text A4"), id Privacy Policy Text Data").getValue(1, 5)): Actual text and expected text of test object 'Object Repository/Web RoomMe.id/Privacy Policy Page/Text A4' are matched.

2020-05-26 11:13:36 - [MESSAGE][PASSED] - Actual text and expected text of test object 'Object Repository/Web RoomMe.id/Privacy Policy Page/Text A4' are matched.

2020-05-26 11:13:36 - [TEST_STEP][NOT_RUN] - executeJavaScript("document.body.style.zoom='50%'", null): NOT_RUN: executeJavaScript("document.body.style.zoom='50%'", null)

2020-05-26 11:13:36 - [MESSAGE][NOT_RUN] - NOT_RUN: executeJavaScript("document.body.style.zoom='50%'", null)

2020-05-26 11:13:36 - [TEST_STEP][PASSED] - waitForElementVisible(findTestObject("Web RoomMe.id/Privacy Policy Page/Button Q5"), 0): Object 'Object Repository/Web RoomMe.id/Privacy Policy Page/Button Q5' is visible

2020-05-26 11:13:36 - [MESSAGE][WARNING] - Timeout '0' is invalid. Using default page load timeout: '60'

2020-05-26 11:13:37 - [MESSAGE][PASSED] - Object 'Object Repository/Web RoomMe.id/Privacy Policy Page/Button Q5' is visible

2020-05-26 11:13:37 - [TEST_STEP][PASSED] - verifyElementText(findTestObject("Web RoomMe.id/Privacy Policy Page/Button Q5"), "Transfer of Data"): Actual text and expected text of test object 'Object Repository/Web RoomMe.id/Privacy Policy Page/Button Q5' are matched.

2020-05-26 11:13:37 - [MESSAGE][PASSED] - Actual text and expected text of test object 'Object Repository/Web RoomMe.id/Privacy Policy Page/Button Q5' are matched.

2020-05-26 11:13:37 - [TEST_STEP][PASSED] - scrollToElement(findTestObject("Web RoomMe.id/Privacy Policy Page/Button Q4"), 0): Scroll to object 'Object Repository/Web RoomMe.id/Privacy Policy Page/Button Q4' successfully

2020-05-26 11:13:37 - [MESSAGE][WARNING] - Timeout '0' is invalid. Using default page load timeout: '60'

2020-05-26 11:13:37 - [MESSAGE][PASSED] - Scroll to object 'Object Repository/Web RoomMe.id/Privacy Policy Page/Button Q4' successfully

2020-05-26 11:13:37 - [TEST_STEP][PASSED] - verifyElementInViewport(findTestObject("Web RoomMe.id/Privacy Policy Page/Button Q5"), 0): Object 'Object Repository/Web RoomMe.id/Privacy Policy Page/Button Q5' is present and visible in viewport

2020-05-26 11:13:37 - [MESSAGE][WARNING] - Timeout '0' is invalid. Using default page load timeout: '60'

2020-05-26 11:13:38 - [MESSAGE][PASSED] - Object 'Object Repository/Web RoomMe.id/Privacy Policy Page/Button Q5' is present and visible in viewport

2020-05-26 11:13:38 - [TEST_STEP][PASSED] - click(findTestObject("Web RoomMe.id/Privacy Policy Page/Button Q5")): Object: 'Object Repository/Web RoomMe.id/Privacy Policy Page/Button Q5' is clicked on

2020-05-26 11:13:38 - [MESSAGE][PASSED] - Object: 'Object Repository/Web RoomMe.id/Privacy Policy Page/Button Q5' is clicked on

2020-05-26 11:13:38 - [TEST_STEP][PASSED] - waitForElementVisible(findTestObject("Web RoomMe.id/Privacy Policy Page/Text A5"), 0): Object 'Object Repository/Web RoomMe.id/Privacy Policy Page/Text A5' is visible

2020-05-26 11:13:38 - [MESSAGE][WARNING] - Timeout '0' is invalid. Using default page load timeout: '60'

2020-05-26 11:13:38 - [MESSAGE][PASSED] - Object 'Object Repository/Web RoomMe.id/Privacy Policy Page/Text A5' is visible

2020-05-26 11:13:38 - [TEST_STEP][PASSED] - verifyElementText(findTestObject("Web RoomMe.id/Privacy Policy Page/Text A5"), id Privacy Policy Text Data").getValue(1, 6)): Actual text and expected text of test object 'Object Repository/Web RoomMe.id/Privacy Policy Page/Text A5' are matched.

2020-05-26 11:13:39 - [MESSAGE][PASSED] - Actual text and expected text of test object 'Object Repository/Web RoomMe.id/Privacy Policy Page/Text A5' are matched.

2020-05-26 11:13:39 - [TEST_STEP][PASSED] - waitForElementVisible(findTestObject("Web RoomMe.id/Privacy Policy Page/Button Q6"), 0): Object 'Object Repository/Web RoomMe.id/Privacy Policy Page/Button Q6' is visible

2020-05-26 11:13:39 - [MESSAGE][WARNING] - Timeout '0' is invalid. Using default page load timeout: '60'

2020-05-26 11:13:39 - [MESSAGE][PASSED] - Object 'Object Repository/Web RoomMe.id/Privacy Policy Page/Button Q6' is visible

2020-05-26 11:13:39 - [TEST_STEP][PASSED] - verifyElementText(findTestObject("Web RoomMe.id/Privacy Policy Page/Button Q6"), "Disclosure of Data"): Actual text and expected text of test object 'Object Repository/Web RoomMe.id/Privacy Policy Page/Button Q6' are matched.

2020-05-26 11:13:40 - [MESSAGE][PASSED] - Actual text and expected text of test object 'Object Repository/Web RoomMe.id/Privacy Policy Page/Button Q6' are matched.

2020-05-26 11:13:40 - [TEST_STEP][PASSED] - click(findTestObject("Web RoomMe.id/Privacy Policy Page/Button Q6")): Object: 'Object Repository/Web RoomMe.id/Privacy Policy Page/Button Q6' is clicked on

2020-05-26 11:13:40 - [MESSAGE][PASSED] - Object: 'Object Repository/Web RoomMe.id/Privacy Policy Page/Button Q6' is clicked on

2020-05-26 11:13:40 - [TEST_STEP][PASSED] - waitForElementVisible(findTestObject("Web RoomMe.id/Privacy Policy Page/Text A6"), 0): Object 'Object Repository/Web RoomMe.id/Privacy Policy Page/Text A6' is visible

2020-05-26 11:13:40 - [MESSAGE][WARNING] - Timeout '0' is invalid. Using default page load timeout: '60'

2020-05-26 11:13:40 - [MESSAGE][PASSED] - Object 'Object Repository/Web RoomMe.id/Privacy Policy Page/Text A6' is visible

2020-05-26 11:13:40 - [TEST_STEP][PASSED] - verifyElementText(findTestObject("Web RoomMe.id/Privacy Policy Page/Text A6"), id Privacy Policy Text Data").getValue(1, 7)): Actual text and expected text of test object 'Object Repository/Web RoomMe.id/Privacy Policy Page/Text A6' are matched.

2020-05-26 11:13:41 - [MESSAGE][PASSED] - Actual text and expected text of test object 'Object Repository/Web RoomMe.id/Privacy Policy Page/Text A6' are matched.

2020-05-26 11:13:41 - [TEST_STEP][PASSED] - waitForElementVisible(findTestObject("Web RoomMe.id/Privacy Policy Page/Button Q7"), 0): Object 'Object Repository/Web RoomMe.id/Privacy Policy Page/Button Q7' is visible

2020-05-26 11:13:41 - [MESSAGE][WARNING] - Timeout '0' is invalid. Using default page load timeout: '60'

2020-05-26 11:13:41 - [MESSAGE][PASSED] - Object 'Object Repository/Web RoomMe.id/Privacy Policy Page/Button Q7' is visible

2020-05-26 11:13:41 - [TEST_STEP][PASSED] - verifyElementText(findTestObject("Web RoomMe.id/Privacy Policy Page/Button Q7"), "Security of Data"): Actual text and expected text of test object 'Object Repository/Web RoomMe.id/Privacy Policy Page/Button Q7' are matched.

2020-05-26 11:13:42 - [MESSAGE][PASSED] - Actual text and expected text of test object 'Object Repository/Web RoomMe.id/Privacy Policy Page/Button Q7' are matched.

2020-05-26 11:13:42 - [TEST_STEP][PASSED] - click(findTestObject("Web RoomMe.id/Privacy Policy Page/Button Q7")): Object: 'Object Repository/Web RoomMe.id/Privacy Policy Page/Button Q7' is clicked on

2020-05-26 11:13:42 - [MESSAGE][PASSED] - Object: 'Object Repository/Web RoomMe.id/Privacy Policy Page/Button Q7' is clicked on

2020-05-26 11:13:42 - [TEST_STEP][PASSED] - waitForElementVisible(findTestObject("Web RoomMe.id/Privacy Policy Page/Text A7"), 0): Object 'Object Repository/Web RoomMe.id/Privacy Policy Page/Text A7' is visible

2020-05-26 11:13:42 - [MESSAGE][WARNING] - Timeout '0' is invalid. Using default page load timeout: '60'

2020-05-26 11:13:42 - [MESSAGE][PASSED] - Object 'Object Repository/Web RoomMe.id/Privacy Policy Page/Text A7' is visible

2020-05-26 11:13:42 - [TEST_STEP][PASSED] - verifyElementText(findTestObject("Web RoomMe.id/Privacy Policy Page/Text A7"), "The security of your data is important to us but remember that no method of transmission over the Internet or method of electronic storage is 100% secure. While we strive to use commercially acceptable means to protect your Personal Data, we cannot guarantee its absolute security."): Actual text and expected text of test object 'Object Repository/Web RoomMe.id/Privacy Policy Page/Text A7' are matched.

2020-05-26 11:13:43 - [MESSAGE][PASSED] - Actual text and expected text of test object 'Object Repository/Web RoomMe.id/Privacy Policy Page/Text A7' are matched.

2020-05-26 11:13:43 - [TEST_STEP][PASSED] - waitForElementVisible(findTestObject("Web RoomMe.id/Privacy Policy Page/Button Q8"), 0): Object 'Object Repository/Web RoomMe.id/Privacy Policy Page/Button Q8' is visible

2020-05-26 11:13:43 - [MESSAGE][WARNING] - Timeout '0' is invalid. Using default page load timeout: '60'

2020-05-26 11:13:43 - [MESSAGE][PASSED] - Object 'Object Repository/Web RoomMe.id/Privacy Policy Page/Button Q8' is visible

2020-05-26 11:13:43 - [TEST_STEP][PASSED] - verifyElementText(findTestObject("Web RoomMe.id/Privacy Policy Page/Button Q8"), "Service Providers"): Actual text and expected text of test object 'Object Repository/Web RoomMe.id/Privacy Policy Page/Button Q8' are matched.

2020-05-26 11:13:43 - [MESSAGE][PASSED] - Actual text and expected text of test object 'Object Repository/Web RoomMe.id/Privacy Policy Page/Button Q8' are matched.

2020-05-26 11:13:43 - [TEST_STEP][PASSED] - click(findTestObject("Web RoomMe.id/Privacy Policy Page/Button Q8")): Object: 'Object Repository/Web RoomMe.id/Privacy Policy Page/Button Q8' is clicked on

2020-05-26 11:13:44 - [MESSAGE][PASSED] - Object: 'Object Repository/Web RoomMe.id/Privacy Policy Page/Button Q8' is clicked on

2020-05-26 11:13:44 - [TEST_STEP][PASSED] - waitForElementVisible(findTestObject("Web RoomMe.id/Privacy Policy Page/Text A8"), 0): Object 'Object Repository/Web RoomMe.id/Privacy Policy Page/Text A8' is visible

2020-05-26 11:13:44 - [MESSAGE][WARNING] - Timeout '0' is invalid. Using default page load timeout: '60'

2020-05-26 11:13:44 - [MESSAGE][PASSED] - Object 'Object Repository/Web RoomMe.id/Privacy Policy Page/Text A8' is visible

2020-05-26 11:13:44 - [TEST_STEP][PASSED] - verifyElementText(findTestObject("Web RoomMe.id/Privacy Policy Page/Text A8"), id Privacy Policy Text Data").getValue(1, 9)): Actual text and expected text of test object 'Object Repository/Web RoomMe.id/Privacy Policy Page/Text A8' are matched.

2020-05-26 11:13:44 - [MESSAGE][PASSED] - Actual text and expected text of test object 'Object Repository/Web RoomMe.id/Privacy Policy Page/Text A8' are matched.

2020-05-26 11:13:44 - [TEST_STEP][PASSED] - waitForElementVisible(findTestObject("Web RoomMe.id/Privacy Policy Page/Button Q9"), 0): Object 'Object Repository/Web RoomMe.id/Privacy Policy Page/Button Q9' is visible

2020-05-26 11:13:45 - [MESSAGE][WARNING] - Timeout '0' is invalid. Using default page load timeout: '60'

2020-05-26 11:13:45 - [MESSAGE][PASSED] - Object 'Object Repository/Web RoomMe.id/Privacy Policy Page/Button Q9' is visible

2020-05-26 11:13:45 - [TEST_STEP][PASSED] - verifyElementText(findTestObject("Web RoomMe.id/Privacy Policy Page/Button Q9"), "Links to Other Sites"): Actual text and expected text of test object 'Object Repository/Web RoomMe.id/Privacy Policy Page/Button Q9' are matched.

2020-05-26 11:13:45 - [MESSAGE][PASSED] - Actual text and expected text of test object 'Object Repository/Web RoomMe.id/Privacy Policy Page/Button Q9' are matched.

2020-05-26 11:13:45 - [TEST_STEP][PASSED] - click(findTestObject("Web RoomMe.id/Privacy Policy Page/Button Q9")): Object: 'Object Repository/Web RoomMe.id/Privacy Policy Page/Button Q9' is clicked on

2020-05-26 11:13:45 - [MESSAGE][PASSED] - Object: 'Object Repository/Web RoomMe.id/Privacy Policy Page/Button Q9' is clicked on

2020-05-26 11:13:45 - [TEST_STEP][PASSED] - waitForElementVisible(findTestObject("Web RoomMe.id/Privacy Policy Page/Text A9"), 0): Object 'Object Repository/Web RoomMe.id/Privacy Policy Page/Text A9' is visible

2020-05-26 11:13:46 - [MESSAGE][WARNING] - Timeout '0' is invalid. Using default page load timeout: '60'

2020-05-26 11:13:46 - [MESSAGE][PASSED] - Object 'Object Repository/Web RoomMe.id/Privacy Policy Page/Text A9' is visible

2020-05-26 11:13:46 - [TEST_STEP][PASSED] - verifyElementText(findTestObject("Web RoomMe.id/Privacy Policy Page/Text A9"), id Privacy Policy Text Data").getValue(1, 10)): Actual text and expected text of test object 'Object Repository/Web RoomMe.id/Privacy Policy Page/Text A9' are matched.

2020-05-26 11:13:46 - [MESSAGE][PASSED] - Actual text and expected text of test object 'Object Repository/Web RoomMe.id/Privacy Policy Page/Text A9' are matched.

2020-05-26 11:13:46 - [TEST_STEP][PASSED] - waitForElementVisible(findTestObject("Web RoomMe.id/Privacy Policy Page/Button Q10"), 0): Object 'Object Repository/Web RoomMe.id/Privacy Policy Page/Button Q10' is visible

2020-05-26 11:13:46 - [MESSAGE][WARNING] - Timeout '0' is invalid. Using default page load timeout: '60'

2020-05-26 11:13:47 - [MESSAGE][PASSED] - Object 'Object Repository/Web RoomMe.id/Privacy Policy Page/Button Q10' is visible

2020-05-26 11:13:47 - [TEST_STEP][PASSED] - verifyElementText(findTestObject("Web RoomMe.id/Privacy Policy Page/Button Q10"), "Children's Privacy"): Actual text and expected text of test object 'Object Repository/Web RoomMe.id/Privacy Policy Page/Button Q10' are matched.

2020-05-26 11:13:47 - [MESSAGE][PASSED] - Actual text and expected text of test object 'Object Repository/Web RoomMe.id/Privacy Policy Page/Button Q10' are matched.

2020-05-26 11:13:47 - [TEST_STEP][PASSED] - click(findTestObject("Web RoomMe.id/Privacy Policy Page/Button Q10")): Object: 'Object Repository/Web RoomMe.id/Privacy Policy Page/Button Q10' is clicked on

2020-05-26 11:13:47 - [MESSAGE][PASSED] - Object: 'Object Repository/Web RoomMe.id/Privacy Policy Page/Button Q10' is clicked on

2020-05-26 11:13:47 - [TEST_STEP][PASSED] - waitForElementVisible(findTestObject("Web RoomMe.id/Privacy Policy Page/Text A10"), 0): Object 'Object Repository/Web RoomMe.id/Privacy Policy Page/Text A10' is visible

2020-05-26 11:13:47 - [MESSAGE][WARNING] - Timeout '0' is invalid. Using default page load timeout: '60'

2020-05-26 11:13:48 - [MESSAGE][PASSED] - Object 'Object Repository/Web RoomMe.id/Privacy Policy Page/Text A10' is visible

2020-05-26 11:13:48 - [TEST_STEP][PASSED] - verifyElementText(findTestObject("Web RoomMe.id/Privacy Policy Page/Text A10"), id Privacy Policy Text Data").getValue(1, 11)): Actual text and expected text of test object 'Object Repository/Web RoomMe.id/Privacy Policy Page/Text A10' are matched.

2020-05-26 11:13:48 - [MESSAGE][PASSED] - Actual text and expected text of test object 'Object Repository/Web RoomMe.id/Privacy Policy Page/Text A10' are matched.

2020-05-26 11:13:48 - [TEST_STEP][PASSED] - waitForElementVisible(findTestObject("Web RoomMe.id/Privacy Policy Page/Button Q11"), 0): Object 'Object Repository/Web RoomMe.id/Privacy Policy Page/Button Q11' is visible

2020-05-26 11:13:48 - [MESSAGE][WARNING] - Timeout '0' is invalid. Using default page load timeout: '60'

2020-05-26 11:13:49 - [MESSAGE][PASSED] - Object 'Object Repository/Web RoomMe.id/Privacy Policy Page/Button Q11' is visible

2020-05-26 11:13:49 - [TEST_STEP][PASSED] - verifyElementText(findTestObject("Web RoomMe.id/Privacy Policy Page/Button Q11"), "Changes to This Privacy Policy"): Actual text and expected text of test object 'Object Repository/Web RoomMe.id/Privacy Policy Page/Button Q11' are matched.

2020-05-26 11:13:49 - [MESSAGE][PASSED] - Actual text and expected text of test object 'Object Repository/Web RoomMe.id/Privacy Policy Page/Button Q11' are matched.

2020-05-26 11:13:49 - [TEST_STEP][PASSED] - click(findTestObject("Web RoomMe.id/Privacy Policy Page/Button Q11")): Object: 'Object Repository/Web RoomMe.id/Privacy Policy Page/Button Q11' is clicked on

2020-05-26 11:13:49 - [MESSAGE][PASSED] - Object: 'Object Repository/Web RoomMe.id/Privacy Policy Page/Button Q11' is clicked on

2020-05-26 11:13:49 - [TEST_STEP][PASSED] - waitForElementVisible(findTestObject("Web RoomMe.id/Privacy Policy Page/Text A11"), 0): Object 'Object Repository/Web RoomMe.id/Privacy Policy Page/Text A11' is visible

2020-05-26 11:13:49 - [MESSAGE][WARNING] - Timeout '0' is invalid. Using default page load timeout: '60'

2020-05-26 11:13:50 - [MESSAGE][PASSED] - Object 'Object Repository/Web RoomMe.id/Privacy Policy Page/Text A11' is visible

2020-05-26 11:13:50 - [TEST_STEP][PASSED] - verifyElementText(findTestObject("Web RoomMe.id/Privacy Policy Page/Text A11"), id Privacy Policy Text Data").getValue(1, 12)): Actual text and expected text of test object 'Object Repository/Web RoomMe.id/Privacy Policy Page/Text A11' are matched.

2020-05-26 11:13:50 - [MESSAGE][PASSED] - Actual text and expected text of test object 'Object Repository/Web RoomMe.id/Privacy Policy Page/Text A11' are matched.

2020-05-26 11:13:50 - [TEST_STEP][PASSED] - waitForElementVisible(findTestObject("Web RoomMe.id/Privacy Policy Page/Button Q12"), 0): Object 'Object Repository/Web RoomMe.id/Privacy Policy Page/Button Q12' is visible

2020-05-26 11:13:50 - [MESSAGE][WARNING] - Timeout '0' is invalid. Using default page load timeout: '60'

2020-05-26 11:13:50 - [MESSAGE][PASSED] - Object 'Object Repository/Web RoomMe.id/Privacy Policy Page/Button Q12' is visible

2020-05-26 11:13:50 - [TEST_STEP][PASSED] - verifyElementText(findTestObject("Web RoomMe.id/Privacy Policy Page/Button Q12"), "Contact Us"): Actual text and expected text of test object 'Object Repository/Web RoomMe.id/Privacy Policy Page/Button Q12' are matched.

2020-05-26 11:13:51 - [MESSAGE][PASSED] - Actual text and expected text of test object 'Object Repository/Web RoomMe.id/Privacy Policy Page/Button Q12' are matched.

2020-05-26 11:13:51 - [TEST_STEP][PASSED] - click(findTestObject("Web RoomMe.id/Privacy Policy Page/Button Q12")): Object: 'Object Repository/Web RoomMe.id/Privacy Policy Page/Button Q12' is clicked on

2020-05-26 11:13:51 - [MESSAGE][PASSED] - Object: 'Object Repository/Web RoomMe.id/Privacy Policy Page/Button Q12' is clicked on

2020-05-26 11:13:51 - [TEST_STEP][PASSED] - waitForElementVisible(findTestObject("Web RoomMe.id/Privacy Policy Page/Text A12"), 0): Object 'Object Repository/Web RoomMe.id/Privacy Policy Page/Text A12' is visible

2020-05-26 11:13:51 - [MESSAGE][WARNING] - Timeout '0' is invalid. Using default page load timeout: '60'

2020-05-26 11:13:51 - [MESSAGE][PASSED] - Object 'Object Repository/Web RoomMe.id/Privacy Policy Page/Text A12' is visible

2020-05-26 11:13:51 - [TEST_STEP][PASSED] - verifyElementText(findTestObject("Web RoomMe.id/Privacy Policy Page/Text A12"), id Privacy Policy Text Data").getValue(1, 13)): Actual text and expected text of test object 'Object Repository/Web RoomMe.id/Privacy Policy Page/Text A12' are matched.

2020-05-26 11:13:52 - [MESSAGE][PASSED] - Actual text and expected text of test object 'Object Repository/Web RoomMe.id/Privacy Policy Page/Text A12' are matched.]]></system-out>
         <system-err><![CDATA[]]></system-err>
      </testcase>
      <system-out><![CDATA[2020-05-26 11:10:29 - [TEST_SUITE][PASSED] - Customer Access Our Terms Page: Test Cases/Web RoomMe.id/4. Our Terms/Customer Access Privacy Policy]]></system-out>
      <system-err><![CDATA[]]></system-err>
   </testsuite>
</testsuites>
